\# Program start time:     UTC 2025.04.17 16:24:34.983
\# Local time: CEST (UTC+02:00) 2025.04.17 18:24:34.983
\o Program:		@(#)$CDS: virtuoso version 6.1.8-64b 03/14/2023 19:53 (cpgsrv12) $
\o Hierarchy:		/esat/micas-data/software/Cadence/ic_6.1.8.310/tools.lnx86/dfII/
\o Sub version:		sub-version  IC6.1.8-64b.500.31  (64-bit addresses)
\# Command line:	/esat/micas-data/software/Cadence/ic_6.1.8.310/tools.lnx86/dfII/bin/64bit/virtuoso -noautostart -mpssession virtuoso238466 -mpshost pc-klas1-13.esat.kuleuven.be -davinciService DaVinciService_238466_1744904808 -log /users/students/r0926826/kuleuven/6/DAMSIC/DAMSIC2025_work/logs_r0926826/logs11/Job27.log -licenseLockFileName /users/students/r0926826/kuleuven/6/DAMSIC/DAMSIC2025_work/.tmp_r0926826/.pc-klas1-13.esat.kuleuven.be_238466 -interactiveA -interactiveE -interactiveRTT -nostdin -nographE -axlChildIdFlag 27
\# Host name (type):	pc-klas1-13.esat.kuleuven.be (x86_64)
\# Operating system:	Linux 5.14.0-503.35.1.el9_5.x86_64 #1 SMP PREEMPT_DYNAMIC Thu Apr 3 12:12:16 UTC 2025
\# Linux /etc/issue:	\S
\# Linux /etc/issue:	Kernel \r on an \m
\# X display name (WxH):	:5936 (1024x868)
\# Available geometry:			TL(0:0) BR(1023:867)
\# X server:			The X.Org Foundation
\# Depth of Visual (Root):	24 (24)
\# Number of Planes Used:	24
\# X version:		11.0 (vendor release 12011000)
\# X resource pool:	base 0x400000, mask 0x1fffff (2097151), shift 0
\# 			current id 0x0, current max 0x1ffffa (2097146)
\# Max data seg size:	     unlimited
\# Max process size:	     unlimited
\# Initial sbrk value:	        628 MB
\# Available memory:	     41,682 MB
\# System memory:	     48,245 MB
\# Maximum memory size:	     47,736 MB
\# Max mem available:	     41,800 MB
\# Initial memory used:	        118 MB
\#        process size:	      1,539 MB
\# Thread usage limits (effective/default):	maxthreads 5166/5166 maxload 12.00/12.00
\# Qt version:		5.9.1
\# Window Manager:	other
\# User Name:		r0926826
\o Working Directory:	pc-klas1-13.esat.kuleuven.be:/users/students/r0926826/kuleuven/6/DAMSIC/DAMSIC2025_work
\# Process Id:		324455
\o 
\o COPYRIGHT (C) 1992-2023  CADENCE DESIGN SYSTEMS INC.  ALL RIGHTS RESERVED.
\o           (C) 1992-2023  UNIX SYSTEMS Laboratories INC.,
\o                          Reproduced with permission.
\o 
\o This Cadence Design Systems program and online documentation are
\o proprietary/confidential information and may be disclosed/used only
\o as authorized in a license agreement controlling such use and disclosure.
\o 
\o           RESTRICTED RIGHTS NOTICE (SHORT FORM)
\o Use/reproduction/disclosure is subject to restriction
\o set forth at FAR 1252.227-19 or its equivalent.
\o Loading geView.cxt 
\o Loading menuBuilder.cxt 
\o Loading schView.cxt 
\o Loading selectSv.cxt 
\o Loading wireEdit.cxt 
\o Loading pte2.cxt 
\o Loading xlUI.cxt 
\o Loading auCore.cxt 
\o Loading vhdl.cxt 
\o Loading seismic.cxt 
\o Loading ci.cxt 
\o Loading ams.cxt 
\o Loading oasis.cxt 
\o Loading analog.cxt 
\o Loading asimenv.cxt 
\o Loading dal.cxt 
\o Loading awv.cxt 
\o Loading socket.cxt 
\o Loading par.cxt 
\o Loading alvs.cxt 
\o Loading caa.cxt 
\o Loading amps.cxt 
\o Loading adexlCore.cxt 
\o Loading adexl.cxt 
\o *Info*    Exporting services from client ... 
\o 
\o Loading adexlDM.cxt 
\o Loading cpf.cxt 
\o Loading cli.cxt 
\o Loading lp.cxt 
\# Memory report: using         253 MB, process size 1,798 MB at UTC 2025.04.17 16:24:36.112
\o INFO (ELI-00302) Connecting to parent process (session=virtuoso238466, host=pc-klas1-13.esat.kuleuven.be). Connection mode is ICRP. Total timeout is 180 seconds. Connection timeout is 90 seconds.
\o INFO (ELI-00303) Step 1: Connecting to parent. Time spent is 0 seconds.
\o INFO (ELI-00304) The registration of the child 324455 within 90 seconds is being processed...
\o INFO (ELI-00305) The result of registration is true. Time spent is 0 seconds.
\o INFO (ELI-00308) The connection has ended. Result is true. Total time spent is 0 seconds.
\# [18:24:34.458674] Configured Lic search path (22.01-s002): 27002@license-extern.esat.kuleuven.be:/esat/micas-data/software/Cadence/ic_6.1.8.310/share/license/license.dat
\w *WARNING* '/users/students/r0926826/kuleuven/6/DAMSIC/DAMSIC2025_work/cds.lib', Line 9: Skipping: 'DAMSI_ours'
\o  /users/students/r0926826/kuleuven/6/DAMSIC/DAMSIC2025_work/DAMSI_ours
\w *WARNING* The directory: '/users/students/r0926826/kuleuven/6/DAMSIC/DAMSIC2025_work/SESSION_1_EXCERCISEDEFINE' does not exist
\w 	but was defined in libFile '/users/students/r0926826/kuleuven/6/DAMSIC/DAMSIC2025_work/cds.lib' for Lib 'SESSION_1_EXCERCISE'.
\o *Info*    Client has finished starting ... 
\o 
\o Loading vdsil.cxt 
\p > 
\# Loading perfDiag...
\# (PerfDiag): Set GDB path to environment variable 'gdbPath' (gdb).
\w *WARNING* (PerfDiag): The GDB command 'gdb' is not found or is invalid.
\# Performance Diagnostic tool is installed. You can access PerfDiag from CIW Tools or use the shell command 'cdsPerfDiag -p 324455' to open it when Virtuoso freezes.
\# (PerfDiag): Use backtrace from GLIBC.
\w *WARNING* (PerfDiag): The GDB-related functionality has been disabled. Use the 'gdbPath' environment variable to set a valid GDB path or set one of the SHELL environment variables CDS_DEBUGGER, DEBUGGER, or GDB, and restart Virtuoso.
\o Loading vqp.cxt 
\o Loading hdlPkg.cxt 
\o 
\o 
\o *Info*    Configuring the session ...
\o 
\o Loading simui.cxt 
\o 	Library      = damsicOurs
\o 	Cell         = SOTA_SCAmplifier_Trans_TB
\o 	View         = schematic
\o 	Simulator    = spectre
\o 	State Path   = $AXL_SETUPDB_DIR/test_states
\o 	State Name   = Interactive.0
\o 	Results DB   = /users/students/r0926826/kuleuven/6/DAMSIC/DAMSIC2025_work/damsicOurs/SOTA_SCAmplifier_Trans_TB/maestro/results/maestro/Interactive.0.rdb
\o 	Results Dir  = /users/students/r0926826/simulation/damsicOurs/SOTA_SCAmplifier_Trans_TB/maestro/results/maestro/Interactive.0/1/damsicOurs_SOTA_SCAmplifier_Trans_TB_1
\o 	Results Loc  = /users/students/r0926826/simulation/damsicOurs/SOTA_SCAmplifier_Trans_TB/maestro/results/maestro
\o 	Project Dir  = /users/students/r0926826/simulation
\o 	Setup DB loc = /users/students/r0926826/kuleuven/6/DAMSIC/DAMSIC2025_work/damsicOurs/SOTA_SCAmplifier_Trans_TB/maestro
\o 	File Encoding = 0
\o 
\o 
\o Loading viva.cxt 
\w *WARNING* '/users/students/r0926826/kuleuven/6/DAMSIC/DAMSIC2025_work/cds.lib', Line 9: Skipping: 'DAMSI_ours'
\o  /users/students/r0926826/kuleuven/6/DAMSIC/DAMSIC2025_work/DAMSI_ours
\w *WARNING* The directory: '/users/students/r0926826/kuleuven/6/DAMSIC/DAMSIC2025_work/SESSION_1_EXCERCISEDEFINE' does not exist
\w 	but was defined in libFile '/users/students/r0926826/kuleuven/6/DAMSIC/DAMSIC2025_work/cds.lib' for Lib 'SESSION_1_EXCERCISE'.
\o Loading gpdk045/libInit.il ...
\o 	Loading gpdk045/loadCxt.ile ... done!
\o 	Loading context 'gpdk045' from library 'gpdk045' ... done!
\o 	Loading context 'pdkUtils' from library 'gpdk045' ... done!
\e 	Loading gpdk045/gpdk045_customFilter.il ... *Error* eval: unbound variable - axlRegisterCustomDeviceFilter
\o failed!
\o 	Loading gpdk045/libInitCustomExit.il ... 
\o 	Loading Environment Settings ...
\o 	Loading Model Management File ...
\o Loading spectrei.cxt 
\o Loading devCheck.cxt 
\o Loading relXpert.cxt 
\o Loading hspiceD.cxt 
\o Loading spectreinl.cxt 
\o Loading UltraSim.cxt 
\o Loading msgHandler.cxt 
\o Loading AMSOSS.cxt 
\o Loading AMS.cxt 
\o 	Loading gpdk045/gpdk045_PDKRegistrations.il ... done!
\o 
\o   *************************************************************           
\o   *              Cadence Design Systems, Inc.                 *           
\o   *                                                           *           
\o   *                    Generic 45nm PDK                       *           
\o   *                        (gpdk045)                          *           
\o   *                                                           *           
\o   *************************************************************           
\o 	
\o 
\o 	VERSION: 4.0 (17-June-2014)
\o 
\o done!
\# Memory report: using         382 MB, process size 1,934 MB at UTC 2025.04.17 16:24:38.190
\o Failed to load gpdk045/libInit.il successfully!INFO (ADE-5024): Simulation will use spectre batch mode because the GCC version used by Spectre and Virtuoso are not compatible.
\o 
\o *Info*    The auto suspension is disabled.
\o 
\o Loading monte.cxt 
\o *Info*    Run start for points ((6 1) (6 2) (6 3) (6 4) (6 5) (6 6)
\o           (6 7) (6 8) (6 9) (6 10) (6 11))
\o 
\o 
\o 
\o 
\o 
\o 
\o *Info*    Run start for Point ID (6 1) on testbench [
\o           damsicOurs_SOTA_SCAmplifier_Trans_TB_1 ].
\o 
\o Resetting statistical vars
\o 
\o *Info*    Setting parameter values ...
\o 
\o Setting var A = "1"
\o Setting var B = "2"
\o Setting var Cfb = "0.4p"
\o Setting var Cin = "4p"
\o Setting var Cl = "2.5p"
\o Setting var INCM = "0.35"
\o Setting var OUTCMRef = "0.55"
\o Setting var Vin = "0.05"
\o Setting var alpha = "0.01"
\o Setting var fin = "2M"
\o Setting var fsw = "80M"
\o Setting var nL = "5"
\o Setting var nL1 = "5"
\o Setting var nL7 = "5"
\o Setting var nl2 = "5"
\o Setting var nl3 = "5"
\o Setting var nnF4 = "70"
\o Setting var nnF5 = "140"
\o Setting var nnW3 = "20"
\o Setting var nnW5 = "20"
\o Setting var npF1 = "212"
\o Setting var npF2 = "106"
\o Setting var npF6 = "160"
\o Setting var npF7 = "160"
\o Setting var npW1 = "20"
\o Setting var npW2 = "20"
\o Setting var npW6 = "20"
\o Setting var npW7 = "20"
\o Setting temp(T) = 27
\o Setting var vb1 = "0.55"
\o Setting var vb5 = "0.85"
\o Setting var vb6 = "0.3"
\o Setting var vb7 = "0.55"
\o Setting var vdd = "1.1"
\o 
\o *Info*    Netlist Directory =
\o           /users/students/r0926826/simulation/damsicOurs/SOTA_SCAmplifier_Trans_TB/maestro/results/maestro/Interactive.0/1/damsicOurs_SOTA_SCAmplifier_Trans_TB_1/netlist
\o 
\o 
\o *Info*    Data Directory    =
\o           /users/students/r0926826/simulation/damsicOurs/SOTA_SCAmplifier_Trans_TB/maestro/results/maestro/Interactive.0/1/damsicOurs_SOTA_SCAmplifier_Trans_TB_1
\o 
\o 
\o *Info*    Creating Netlist for Point ID (6 1)
\o 
\o generate netlist...
\o Loading hnlInit.cxt 
\o Loading seCore.cxt 
\# [18:24:38.108672] Periodic Lic check successful
\# [18:24:38.108673] Feature usage summary:
\o Begin Incremental Netlisting Apr 17 18:24:38 2025
\o Loading json.cxt 
\o End netlisting Apr 17 18:24:38 2025
\o 
\o Netlisting Statistics:
\o 	Number of components:   33
\o 
\o 	Elapsed time:          0.0s
\o Errors: 0	Warnings: 0
\o       ...successful.
\o compose simulator input file...
\o       ...successful.
\o 
\o *Info*    Running simulation on testbench [
\o           damsicOurs_SOTA_SCAmplifier_Trans_TB_1 ] for Point ID (6 1).
\o 
\o Delete psf data in /users/students/r0926826/simulation/damsicOurs/SOTA_SCAmplifier_Trans_TB/maestro/results/maestro/Interactive.0/1/damsicOurs_SOTA_SCAmplifier_Trans_TB_1/psf.
\o compose simulator input file...
\o       ...successful.
\o start simulator if needed...
\o       ...successful.
\o simulate...
\o To view the simulator output, right-click on the test name, result 
\o name, or any value in the "Results" tab of the Outputs section and 
\o choose "Output Log" menu option.
\o Loading paraplot.cxt 
\o INFO (ADE-3071): Simulation completed successfully.
\o reading simulation data...
\o       ...successful.
\o *Info*    Client has finished evaluating ... 
\o 
\o 
\o *Info*    Run complete for Point ID (6 1) on testbench [
\o           damsicOurs_SOTA_SCAmplifier_Trans_TB_1 ].
\o 
\o 
\o 
\o 
\o 
\o 
\o 
\o 
\o 
\o 
\o *Info*    Run start for Point ID (6 2) on testbench [
\o           damsicOurs_SOTA_SCAmplifier_Trans_TB_1 ].
\o 
\o Resetting statistical vars
\o 
\o *Info*    Setting parameter values ...
\o 
\o Setting var A = "11"
\o 
\o *Info*    Netlist Directory =
\o           /users/students/r0926826/simulation/damsicOurs/SOTA_SCAmplifier_Trans_TB/maestro/results/maestro/Interactive.0/2/damsicOurs_SOTA_SCAmplifier_Trans_TB_1/netlist
\o 
\o 
\o *Info*    Data Directory    =
\o           /users/students/r0926826/simulation/damsicOurs/SOTA_SCAmplifier_Trans_TB/maestro/results/maestro/Interactive.0/2/damsicOurs_SOTA_SCAmplifier_Trans_TB_1
\o 
\o 
\o *Info*    Creating Netlist for Point ID (6 2)
\o 
\o generate netlist...
\o Begin Incremental Netlisting Apr 17 18:24:42 2025
\o End netlisting Apr 17 18:24:42 2025
\o 
\o 	The netlist is up to date.
\o 	Time taken to compare the design with netlist:   1.0s
\o       ...successful.
\o compose simulator input file...
\o       ...successful.
\o 
\o *Info*    Running simulation on testbench [
\o           damsicOurs_SOTA_SCAmplifier_Trans_TB_1 ] for Point ID (6 2).
\o 
\o Delete psf data in /users/students/r0926826/simulation/damsicOurs/SOTA_SCAmplifier_Trans_TB/maestro/results/maestro/Interactive.0/2/damsicOurs_SOTA_SCAmplifier_Trans_TB_1/psf.
\o compose simulator input file...
\o       ...successful.
\o start simulator if needed...
\o       ...successful.
\o simulate...
\o To view the simulator output, right-click on the test name, result 
\o name, or any value in the "Results" tab of the Outputs section and 
\o choose "Output Log" menu option.
\o INFO (ADE-3067): Errors encountered during simulation. For more information, right-click
\o         on a test name in the 'Results' tab of the Outputs pane and choose 'Output Log'
\o         to view the simulation run log.
\o reading simulation data...
\o       ...successful.
\o 
\o *Error*   Error ID  = 5011
\o *Error*   Error Msg = Simulator failed to complete the simulation.
\o 
\o           Error found by spectre at time = 134.53 ns during transient
\o           analysis `tran'.
\o Error found by spectre at time = 134.53 ns
\o           during transient analysis `tran'.
\o ERROR (SPECTRE-16192): No
\o           convergence achieved with the minimum time step specified. 
\o           Last acceptable solution computed at 131.55 ns.
\o 
\o 
\o 
\o 
\o 
\o *Info*    Client has finished evaluating ... 
\o 
\o 
\o *Info*    Run complete for Point ID (6 2) on testbench [
\o           damsicOurs_SOTA_SCAmplifier_Trans_TB_1 ].
\o 
\o 
\o 
\o 
\o 
\o 
\o 
\o 
\o 
\o 
\o *Info*    Run start for Point ID (6 3) on testbench [
\o           damsicOurs_SOTA_SCAmplifier_Trans_TB_1 ].
\o 
\o Resetting statistical vars
\o 
\o *Info*    Setting parameter values ...
\o 
\o Setting var A = "21"
\o 
\o *Info*    Netlist Directory =
\o           /users/students/r0926826/simulation/damsicOurs/SOTA_SCAmplifier_Trans_TB/maestro/results/maestro/Interactive.0/3/damsicOurs_SOTA_SCAmplifier_Trans_TB_1/netlist
\o 
\o 
\o *Info*    Data Directory    =
\o           /users/students/r0926826/simulation/damsicOurs/SOTA_SCAmplifier_Trans_TB/maestro/results/maestro/Interactive.0/3/damsicOurs_SOTA_SCAmplifier_Trans_TB_1
\o 
\o 
\o *Info*    Creating Netlist for Point ID (6 3)
\o 
\o generate netlist...
\o Begin Incremental Netlisting Apr 17 18:24:43 2025
\o End netlisting Apr 17 18:24:43 2025
\o 
\o 	The netlist is up to date.
\o 	Time taken to compare the design with netlist:   0.0s
\o       ...successful.
\o compose simulator input file...
\o       ...successful.
\o 
\o *Info*    Running simulation on testbench [
\o           damsicOurs_SOTA_SCAmplifier_Trans_TB_1 ] for Point ID (6 3).
\o 
\o Delete psf data in /users/students/r0926826/simulation/damsicOurs/SOTA_SCAmplifier_Trans_TB/maestro/results/maestro/Interactive.0/3/damsicOurs_SOTA_SCAmplifier_Trans_TB_1/psf.
\o compose simulator input file...
\o       ...successful.
\o start simulator if needed...
\o       ...successful.
\o simulate...
\o To view the simulator output, right-click on the test name, result 
\o name, or any value in the "Results" tab of the Outputs section and 
\o choose "Output Log" menu option.
\o INFO (ADE-3067): Errors encountered during simulation. For more information, right-click
\o         on a test name in the 'Results' tab of the Outputs pane and choose 'Output Log'
\o         to view the simulation run log.
\o reading simulation data...
\o       ...successful.
\o 
\o *Error*   Error ID  = 5011
\o *Error*   Error Msg = Simulator failed to complete the simulation.
\o 
\o           Error found by spectre at time = 6.26 ns during transient
\o           analysis `tran'.
\o Error found by spectre at time = 6.26 ns
\o           during transient analysis `tran'.
\o ERROR (SPECTRE-16192): No
\o           convergence achieved with the minimum time step specified. 
\o           Last acceptable solution computed at 3.38629 ns.
\o 
\o 
\o 
\o 
\o 
\o *Info*    Client has finished evaluating ... 
\o 
\o 
\o *Info*    Run complete for Point ID (6 3) on testbench [
\o           damsicOurs_SOTA_SCAmplifier_Trans_TB_1 ].
\o 
\o 
\o 
\o 
\o 
\o 
\o 
\o 
\o 
\o 
\o *Info*    Run start for Point ID (6 4) on testbench [
\o           damsicOurs_SOTA_SCAmplifier_Trans_TB_1 ].
\o 
\o Resetting statistical vars
\o 
\o *Info*    Setting parameter values ...
\o 
\o Setting var A = "31"
\o 
\o *Info*    Netlist Directory =
\o           /users/students/r0926826/simulation/damsicOurs/SOTA_SCAmplifier_Trans_TB/maestro/results/maestro/Interactive.0/4/damsicOurs_SOTA_SCAmplifier_Trans_TB_1/netlist
\o 
\o 
\o *Info*    Data Directory    =
\o           /users/students/r0926826/simulation/damsicOurs/SOTA_SCAmplifier_Trans_TB/maestro/results/maestro/Interactive.0/4/damsicOurs_SOTA_SCAmplifier_Trans_TB_1
\o 
\o 
\o *Info*    Creating Netlist for Point ID (6 4)
\o 
\o generate netlist...
\o Begin Incremental Netlisting Apr 17 18:24:44 2025
\o End netlisting Apr 17 18:24:45 2025
\o 
\o 	The netlist is up to date.
\o 	Time taken to compare the design with netlist:   1.0s
\o       ...successful.
\o compose simulator input file...
\o       ...successful.
\o 
\o *Info*    Running simulation on testbench [
\o           damsicOurs_SOTA_SCAmplifier_Trans_TB_1 ] for Point ID (6 4).
\o 
\o Delete psf data in /users/students/r0926826/simulation/damsicOurs/SOTA_SCAmplifier_Trans_TB/maestro/results/maestro/Interactive.0/4/damsicOurs_SOTA_SCAmplifier_Trans_TB_1/psf.
\o compose simulator input file...
\# Available memory:         41,414 MB at UTC 2025.04.17 16:24:45.099
\# Memory report: Maximum memory size now 41,864 MB at UTC 2025.04.17 16:24:45.099
\# Thread usage report: 18 active threads, active load 1.40 at UTC 2025.04.17 16:24:45.099
\o       ...successful.
\o start simulator if needed...
\o       ...successful.
\o simulate...
\o To view the simulator output, right-click on the test name, result 
\o name, or any value in the "Results" tab of the Outputs section and 
\o choose "Output Log" menu option.
\o INFO (ADE-3067): Errors encountered during simulation. For more information, right-click
\o         on a test name in the 'Results' tab of the Outputs pane and choose 'Output Log'
\o         to view the simulation run log.
\o reading simulation data...
\o       ...successful.
\o 
\o *Error*   Error ID  = 5011
\o *Error*   Error Msg = Simulator failed to complete the simulation.
\o 
\o           Error found by spectre at time = 3.71004 ns during
\o           transient analysis `tran'.
\o Error found by spectre at time =
\o           3.71004 ns during transient analysis `tran'.
\o ERROR
\o           (SPECTRE-16192): No convergence achieved with the minimum
\o           time step specified.  Last acceptable solution computed at
\o           1.16008 ns.
\o 
\o 
\o 
\o 
\o 
\o *Info*    Client has finished evaluating ... 
\o 
\o 
\o *Info*    Run complete for Point ID (6 4) on testbench [
\o           damsicOurs_SOTA_SCAmplifier_Trans_TB_1 ].
\o 
\o 
\o 
\o 
\o 
\o 
\o 
\o 
\o 
\o 
\o *Info*    Run start for Point ID (6 5) on testbench [
\o           damsicOurs_SOTA_SCAmplifier_Trans_TB_1 ].
\o 
\o Resetting statistical vars
\o 
\o *Info*    Setting parameter values ...
\o 
\o Setting var A = "41"
\o 
\o *Info*    Netlist Directory =
\o           /users/students/r0926826/simulation/damsicOurs/SOTA_SCAmplifier_Trans_TB/maestro/results/maestro/Interactive.0/5/damsicOurs_SOTA_SCAmplifier_Trans_TB_1/netlist
\o 
\o 
\o *Info*    Data Directory    =
\o           /users/students/r0926826/simulation/damsicOurs/SOTA_SCAmplifier_Trans_TB/maestro/results/maestro/Interactive.0/5/damsicOurs_SOTA_SCAmplifier_Trans_TB_1
\o 
\o 
\o *Info*    Creating Netlist for Point ID (6 5)
\o 
\o generate netlist...
\o Begin Incremental Netlisting Apr 17 18:24:46 2025
\o End netlisting Apr 17 18:24:46 2025
\o 
\o 	The netlist is up to date.
\o 	Time taken to compare the design with netlist:   0.0s
\o       ...successful.
\o compose simulator input file...
\o       ...successful.
\o 
\o *Info*    Running simulation on testbench [
\o           damsicOurs_SOTA_SCAmplifier_Trans_TB_1 ] for Point ID (6 5).
\o 
\o Delete psf data in /users/students/r0926826/simulation/damsicOurs/SOTA_SCAmplifier_Trans_TB/maestro/results/maestro/Interactive.0/5/damsicOurs_SOTA_SCAmplifier_Trans_TB_1/psf.
\o compose simulator input file...
\o       ...successful.
\o start simulator if needed...
\o       ...successful.
\o simulate...
\o To view the simulator output, right-click on the test name, result 
\o name, or any value in the "Results" tab of the Outputs section and 
\o choose "Output Log" menu option.
\o INFO (ADE-3067): Errors encountered during simulation. For more information, right-click
\o         on a test name in the 'Results' tab of the Outputs pane and choose 'Output Log'
\o         to view the simulation run log.
\o reading simulation data...
\o       ...successful.
\o 
\o *Error*   Error ID  = 5011
\o *Error*   Error Msg = Simulator failed to complete the simulation.
\o 
\o           Error found by spectre at time = 3.72777 ns during
\o           transient analysis `tran'.
\o Error found by spectre at time =
\o           3.72777 ns during transient analysis `tran'.
\o ERROR
\o           (SPECTRE-16192): No convergence achieved with the minimum
\o           time step specified.  Last acceptable solution computed at
\o           131.488 ps.
\o 
\o 
\o 
\o 
\o 
\o *Info*    Client has finished evaluating ... 
\o 
\o 
\o *Info*    Run complete for Point ID (6 5) on testbench [
\o           damsicOurs_SOTA_SCAmplifier_Trans_TB_1 ].
\o 
\o 
\o 
\o 
\o 
\o 
\o 
\o 
\o 
\o 
\o *Info*    Run start for Point ID (6 6) on testbench [
\o           damsicOurs_SOTA_SCAmplifier_Trans_TB_1 ].
\o 
\o Resetting statistical vars
\o 
\o *Info*    Setting parameter values ...
\o 
\o Setting var A = "51"
\o 
\o *Info*    Netlist Directory =
\o           /users/students/r0926826/simulation/damsicOurs/SOTA_SCAmplifier_Trans_TB/maestro/results/maestro/Interactive.0/6/damsicOurs_SOTA_SCAmplifier_Trans_TB_1/netlist
\o 
\o 
\o *Info*    Data Directory    =
\o           /users/students/r0926826/simulation/damsicOurs/SOTA_SCAmplifier_Trans_TB/maestro/results/maestro/Interactive.0/6/damsicOurs_SOTA_SCAmplifier_Trans_TB_1
\o 
\o 
\o *Info*    Creating Netlist for Point ID (6 6)
\o 
\o generate netlist...
\o Begin Incremental Netlisting Apr 17 18:24:47 2025
\o End netlisting Apr 17 18:24:47 2025
\o 
\o 	The netlist is up to date.
\o 	Time taken to compare the design with netlist:   0.0s
\o       ...successful.
\o compose simulator input file...
\o       ...successful.
\o 
\o *Info*    Running simulation on testbench [
\o           damsicOurs_SOTA_SCAmplifier_Trans_TB_1 ] for Point ID (6 6).
\o 
\o Delete psf data in /users/students/r0926826/simulation/damsicOurs/SOTA_SCAmplifier_Trans_TB/maestro/results/maestro/Interactive.0/6/damsicOurs_SOTA_SCAmplifier_Trans_TB_1/psf.
\o compose simulator input file...
\o       ...successful.
\o start simulator if needed...
\o       ...successful.
\o simulate...
\o To view the simulator output, right-click on the test name, result 
\o name, or any value in the "Results" tab of the Outputs section and 
\o choose "Output Log" menu option.
\o INFO (ADE-3071): Simulation completed successfully.
\o reading simulation data...
\o       ...successful.
\o *Info*    Client has finished evaluating ... 
\o 
\o 
\o *Info*    Run complete for Point ID (6 6) on testbench [
\o           damsicOurs_SOTA_SCAmplifier_Trans_TB_1 ].
\o 
\o 
\o 
\o 
\o 
\o 
\o 
\o 
\o 
\o 
\o *Info*    Run start for Point ID (6 7) on testbench [
\o           damsicOurs_SOTA_SCAmplifier_Trans_TB_1 ].
\o 
\o Resetting statistical vars
\o 
\o *Info*    Setting parameter values ...
\o 
\o Setting var A = "61"
\o 
\o *Info*    Netlist Directory =
\o           /users/students/r0926826/simulation/damsicOurs/SOTA_SCAmplifier_Trans_TB/maestro/results/maestro/Interactive.0/7/damsicOurs_SOTA_SCAmplifier_Trans_TB_1/netlist
\o 
\o 
\o *Info*    Data Directory    =
\o           /users/students/r0926826/simulation/damsicOurs/SOTA_SCAmplifier_Trans_TB/maestro/results/maestro/Interactive.0/7/damsicOurs_SOTA_SCAmplifier_Trans_TB_1
\o 
\o 
\o *Info*    Creating Netlist for Point ID (6 7)
\o 
\o generate netlist...
\o Begin Incremental Netlisting Apr 17 18:24:50 2025
\o End netlisting Apr 17 18:24:50 2025
\o 
\o 	The netlist is up to date.
\o 	Time taken to compare the design with netlist:   0.0s
\o       ...successful.
\o compose simulator input file...
\o       ...successful.
\o 
\o *Info*    Running simulation on testbench [
\o           damsicOurs_SOTA_SCAmplifier_Trans_TB_1 ] for Point ID (6 7).
\o 
\o Delete psf data in /users/students/r0926826/simulation/damsicOurs/SOTA_SCAmplifier_Trans_TB/maestro/results/maestro/Interactive.0/7/damsicOurs_SOTA_SCAmplifier_Trans_TB_1/psf.
\o compose simulator input file...
\o       ...successful.
\o start simulator if needed...
\o       ...successful.
\o simulate...
\o To view the simulator output, right-click on the test name, result 
\o name, or any value in the "Results" tab of the Outputs section and 
\o choose "Output Log" menu option.
\o INFO (ADE-3071): Simulation completed successfully.
\o reading simulation data...
\o       ...successful.
\o *Info*    Client has finished evaluating ... 
\o 
\o 
\o *Info*    Run complete for Point ID (6 7) on testbench [
\o           damsicOurs_SOTA_SCAmplifier_Trans_TB_1 ].
\o 
\o 
\o 
\o 
\o 
\o 
\o 
\o 
\o 
\o 
\o *Info*    Run start for Point ID (6 8) on testbench [
\o           damsicOurs_SOTA_SCAmplifier_Trans_TB_1 ].
\o 
\o Resetting statistical vars
\o 
\o *Info*    Setting parameter values ...
\o 
\o Setting var A = "71"
\o 
\o *Info*    Netlist Directory =
\o           /users/students/r0926826/simulation/damsicOurs/SOTA_SCAmplifier_Trans_TB/maestro/results/maestro/Interactive.0/8/damsicOurs_SOTA_SCAmplifier_Trans_TB_1/netlist
\o 
\o 
\o *Info*    Data Directory    =
\o           /users/students/r0926826/simulation/damsicOurs/SOTA_SCAmplifier_Trans_TB/maestro/results/maestro/Interactive.0/8/damsicOurs_SOTA_SCAmplifier_Trans_TB_1
\o 
\o 
\o *Info*    Creating Netlist for Point ID (6 8)
\o 
\o generate netlist...
\o Begin Incremental Netlisting Apr 17 18:24:52 2025
\o End netlisting Apr 17 18:24:52 2025
\o 
\o 	The netlist is up to date.
\o 	Time taken to compare the design with netlist:   0.0s
\o       ...successful.
\o compose simulator input file...
\o       ...successful.
\o 
\o *Info*    Running simulation on testbench [
\o           damsicOurs_SOTA_SCAmplifier_Trans_TB_1 ] for Point ID (6 8).
\o 
\o Delete psf data in /users/students/r0926826/simulation/damsicOurs/SOTA_SCAmplifier_Trans_TB/maestro/results/maestro/Interactive.0/8/damsicOurs_SOTA_SCAmplifier_Trans_TB_1/psf.
\o compose simulator input file...
\o       ...successful.
\o start simulator if needed...
\o       ...successful.
\o simulate...
\o To view the simulator output, right-click on the test name, result 
\o name, or any value in the "Results" tab of the Outputs section and 
\o choose "Output Log" menu option.
\o INFO (ADE-3071): Simulation completed successfully.
\o reading simulation data...
\o       ...successful.
\o *Info*    Client has finished evaluating ... 
\o 
\o 
\o *Info*    Run complete for Point ID (6 8) on testbench [
\o           damsicOurs_SOTA_SCAmplifier_Trans_TB_1 ].
\o 
\o 
\o 
\o 
\o 
\o 
\o 
\o 
\o 
\o 
\o *Info*    Run start for Point ID (6 9) on testbench [
\o           damsicOurs_SOTA_SCAmplifier_Trans_TB_1 ].
\o 
\o Resetting statistical vars
\o 
\o *Info*    Setting parameter values ...
\o 
\o Setting var A = "81"
\o 
\o *Info*    Netlist Directory =
\o           /users/students/r0926826/simulation/damsicOurs/SOTA_SCAmplifier_Trans_TB/maestro/results/maestro/Interactive.0/9/damsicOurs_SOTA_SCAmplifier_Trans_TB_1/netlist
\o 
\o 
\o *Info*    Data Directory    =
\o           /users/students/r0926826/simulation/damsicOurs/SOTA_SCAmplifier_Trans_TB/maestro/results/maestro/Interactive.0/9/damsicOurs_SOTA_SCAmplifier_Trans_TB_1
\o 
\o 
\o *Info*    Creating Netlist for Point ID (6 9)
\o 
\o generate netlist...
\o Begin Incremental Netlisting Apr 17 18:24:55 2025
\o End netlisting Apr 17 18:24:55 2025
\o 
\o 	The netlist is up to date.
\o 	Time taken to compare the design with netlist:   0.0s
\o       ...successful.
\o compose simulator input file...
\o       ...successful.
\o 
\o *Info*    Running simulation on testbench [
\o           damsicOurs_SOTA_SCAmplifier_Trans_TB_1 ] for Point ID (6 9).
\o 
\o Delete psf data in /users/students/r0926826/simulation/damsicOurs/SOTA_SCAmplifier_Trans_TB/maestro/results/maestro/Interactive.0/9/damsicOurs_SOTA_SCAmplifier_Trans_TB_1/psf.
\o compose simulator input file...
\o       ...successful.
\o start simulator if needed...
\o       ...successful.
\o simulate...
\o To view the simulator output, right-click on the test name, result 
\o name, or any value in the "Results" tab of the Outputs section and 
\o choose "Output Log" menu option.
\o INFO (ADE-3067): Errors encountered during simulation. For more information, right-click
\o         on a test name in the 'Results' tab of the Outputs pane and choose 'Output Log'
\o         to view the simulation run log.
\o reading simulation data...
\o       ...successful.
\o 
\o *Error*   Error ID  = 5011
\o *Error*   Error Msg = Simulator failed to complete the simulation.
\o 
\o           Error found by spectre at time = 728.118 ns during
\o           transient analysis `tran'.
\o Error found by spectre at time =
\o           728.118 ns during transient analysis `tran'.
\o ERROR
\o           (SPECTRE-16192): No convergence achieved with the minimum
\o           time step specified.  Last acceptable solution computed at
\o           725.303 ns.
\o 
\o 
\o 
\o 
\o 
\o *Info*    Client has finished evaluating ... 
\o 
\o 
\o *Info*    Run complete for Point ID (6 9) on testbench [
\o           damsicOurs_SOTA_SCAmplifier_Trans_TB_1 ].
\o 
\o 
\o 
\o 
\o 
\o 
\o 
\o 
\o 
\o 
\o *Info*    Run start for Point ID (6 10) on testbench [
\o           damsicOurs_SOTA_SCAmplifier_Trans_TB_1 ].
\o 
\o Resetting statistical vars
\o 
\o *Info*    Setting parameter values ...
\o 
\o Setting var A = "91"
\o 
\o *Info*    Netlist Directory =
\o           /users/students/r0926826/simulation/damsicOurs/SOTA_SCAmplifier_Trans_TB/maestro/results/maestro/Interactive.0/10/damsicOurs_SOTA_SCAmplifier_Trans_TB_1/netlist
\o 
\o 
\o *Info*    Data Directory    =
\o           /users/students/r0926826/simulation/damsicOurs/SOTA_SCAmplifier_Trans_TB/maestro/results/maestro/Interactive.0/10/damsicOurs_SOTA_SCAmplifier_Trans_TB_1
\o 
\o 
\o *Info*    Creating Netlist for Point ID (6 10)
\o 
\o generate netlist...
\o Begin Incremental Netlisting Apr 17 18:24:56 2025
\o End netlisting Apr 17 18:24:56 2025
\o 
\o 	The netlist is up to date.
\o 	Time taken to compare the design with netlist:   0.0s
\o       ...successful.
\o compose simulator input file...
\o       ...successful.
\o 
\o *Info*    Running simulation on testbench [
\o           damsicOurs_SOTA_SCAmplifier_Trans_TB_1 ] for Point ID (6
\o           10).
\o 
\o Delete psf data in /users/students/r0926826/simulation/damsicOurs/SOTA_SCAmplifier_Trans_TB/maestro/results/maestro/Interactive.0/10/damsicOurs_SOTA_SCAmplifier_Trans_TB_1/psf.
\o compose simulator input file...
\o       ...successful.
\o start simulator if needed...
\o       ...successful.
\o simulate...
\o To view the simulator output, right-click on the test name, result 
\o name, or any value in the "Results" tab of the Outputs section and 
\o choose "Output Log" menu option.
\o INFO (ADE-3067): Errors encountered during simulation. For more information, right-click
\o         on a test name in the 'Results' tab of the Outputs pane and choose 'Output Log'
\o         to view the simulation run log.
\o reading simulation data...
\o       ...successful.
\o 
\o *Error*   Error ID  = 5011
\o *Error*   Error Msg = Simulator failed to complete the simulation.
\o 
\o           Error found by spectre at time = 1.07831 us during
\o           transient analysis `tran'.
\o Error found by spectre at time =
\o           1.07831 us during transient analysis `tran'.
\o ERROR
\o           (SPECTRE-16192): No convergence achieved with the minimum
\o           time step specified.  Last acceptable solution computed at
\o           1.07536 us.
\o 
\o 
\o 
\o 
\o 
\o *Info*    Client has finished evaluating ... 
\o 
\o 
\o *Info*    Run complete for Point ID (6 10) on testbench [
\o           damsicOurs_SOTA_SCAmplifier_Trans_TB_1 ].
\o 
\o 
\o 
\o 
\o 
\o 
\o 
\o 
\o 
\o 
\o *Info*    Run start for Point ID (6 11) on testbench [
\o           damsicOurs_SOTA_SCAmplifier_Trans_TB_1 ].
\o 
\o Resetting statistical vars
\o 
\o *Info*    Setting parameter values ...
\o 
\o Setting var A = "101"
\o 
\o *Info*    Netlist Directory =
\o           /users/students/r0926826/simulation/damsicOurs/SOTA_SCAmplifier_Trans_TB/maestro/results/maestro/Interactive.0/11/damsicOurs_SOTA_SCAmplifier_Trans_TB_1/netlist
\o 
\o 
\o *Info*    Data Directory    =
\o           /users/students/r0926826/simulation/damsicOurs/SOTA_SCAmplifier_Trans_TB/maestro/results/maestro/Interactive.0/11/damsicOurs_SOTA_SCAmplifier_Trans_TB_1
\o 
\o 
\o *Info*    Creating Netlist for Point ID (6 11)
\o 
\o generate netlist...
\o Begin Incremental Netlisting Apr 17 18:24:58 2025
\o End netlisting Apr 17 18:24:58 2025
\o 
\o 	The netlist is up to date.
\o 	Time taken to compare the design with netlist:   0.0s
\o       ...successful.
\o compose simulator input file...
\o       ...successful.
\o 
\o *Info*    Running simulation on testbench [
\o           damsicOurs_SOTA_SCAmplifier_Trans_TB_1 ] for Point ID (6
\o           11).
\o 
\o Delete psf data in /users/students/r0926826/simulation/damsicOurs/SOTA_SCAmplifier_Trans_TB/maestro/results/maestro/Interactive.0/11/damsicOurs_SOTA_SCAmplifier_Trans_TB_1/psf.
\o compose simulator input file...
\o       ...successful.
\o start simulator if needed...
\o       ...successful.
\o simulate...
\o To view the simulator output, right-click on the test name, result 
\o name, or any value in the "Results" tab of the Outputs section and 
\o choose "Output Log" menu option.
\o INFO (ADE-3067): Errors encountered during simulation. For more information, right-click
\o         on a test name in the 'Results' tab of the Outputs pane and choose 'Output Log'
\o         to view the simulation run log.
\o reading simulation data...
\o       ...successful.
\o 
\o *Error*   Error ID  = 5011
\o *Error*   Error Msg = Simulator failed to complete the simulation.
\o 
\o           Error found by spectre at time = 60.5429 ns during
\o           transient analysis `tran'.
\o Error found by spectre at time =
\o           60.5429 ns during transient analysis `tran'.
\o ERROR
\o           (SPECTRE-16192): No convergence achieved with the minimum
\o           time step specified.  Last acceptable solution computed at
\o           57.9179 ns.
\o 
\o 
\o 
\o 
\o 
\o *Info*    Client has finished evaluating ... 
\o 
\o 
\o *Info*    Run complete for Point ID (6 11) on testbench [
\o           damsicOurs_SOTA_SCAmplifier_Trans_TB_1 ].
\o 
\o 
\o 
\o 
\o 
\o 
\o *Info*    Received signal SIGTERM.
\o 
\o 
