\o Program:		@(#)$CDS: libManager version 6.1.8 - CAT37 02/10/2023 14:05 (cpgsrv13) $
\o Sub version:		sub-version  s312 
\o Arguments:		-unmapped -mpssession virtuoso3199 -mpshost pc-klas1-5.esat.kuleuven.be 
\o Working Directory:	pc-klas1-5.esat.kuleuven.be:/users/students/r0926826/kuleuven/6/DAMSIC/DAMSIC2025_work
\o 64-bit offsets
\o Qt version: 		5.9.1
\o changeWorkingDir("/users/students/r0926826/kuleuven/6/DAMSIC/DAMSIC2025_work") unnecessary.
\o ddSetForcedLib("") unnecessary.
\o Log file is "/users/students/r0926826/kuleuven/6/DAMSIC/DAMSIC2025_work/libManager.log".
\o Opening libManager window.
\a nrSetWindowVisibility(cdsLibManager "show")
\o MPS service: map window
\o Library Manager customization server connected.
\a nrSetCurrentWindow(cdsLibManager)
\w Warning: '/users/students/r0926826/kuleuven/6/DAMSIC/DAMSIC2025_work/cds.lib', Line 9: Skipping: 'DAMSI_ours'
\o   /users/students/r0926826/kuleuven/6/DAMSIC/DAMSIC2025_work/DAMSI_ours 
\w Warning: The directory: '/users/students/r0926826/kuleuven/6/DAMSIC/DAMSIC2025_work/SESSION_1_EXCERCISEDEFINE' does not exist
\w 	but was defined in libFile '/users/students/r0926826/kuleuven/6/DAMSIC/DAMSIC2025_work/cds.lib' for Lib 'SESSION_1_EXCERCISE'.
\a nrResizeWindow(cdsLibManager list(146 209 1733 833))
\a nrSetCurrentWindow(cdsLibManager)
\a nrSetCurrentWindow(cdsLibManager)
\a nrResizeWindow(cdsLibManager list(170 133 1733 833))
\a cdsLibManager->libListBox->value = "US_8ths"
\a cdsLibManager->libLineEdit->value = "US_8ths"
\a cdsLibManager->libListBox->value = "DAMSIC"
\a cdsLibManager->libLineEdit->value = "DAMSIC"
\a cdsLibManager->cellListBox->value = "symmetrical"
\a cdsLibManager->cellLineEdit->value = "symmetrical"
\a cdsLibManager->viewListBox->value = "schematic"
\a cdsLibManager->viewLineEdit->value = "schematic"
\a cdsLibManager->viewListBox->value = "symbol"
\a cdsLibManager->viewLineEdit->value = "symbol"
\a cdsLibManager->viewListBox->value = "schematic"
\a cdsLibManager->viewLineEdit->value = "schematic"
\a cdsLibManager->viewListBox->value = "symbol"
\a cdsLibManager->viewLineEdit->value = "symbol"
\a cdsLibManager->viewListBox->value = "schematic"
\a cdsLibManager->viewLineEdit->value = "schematic"
\a cdsLibManager->cellListBox->value = "OTA_Transient_AC_TB"
\a cdsLibManager->cellLineEdit->value = "OTA_Transient_AC_TB"
\a cdsLibManager->viewLineEdit->value = ""
\a cdsLibManager->viewListBox->value = nil
\a cdsLibManager->viewListBox->value = "schematic"
\a cdsLibManager->viewLineEdit->value = "schematic"
\a cdsLibManager->libListBox->value = "damsicOurs"
\a cdsLibManager->libLineEdit->value = "damsicOurs"
\a cdsLibManager->cellLineEdit->value = ""
\a cdsLibManager->cellListBox->value = nil
\a cdsLibManager->viewLineEdit->value = ""
\a cdsLibManager->viewListBox->value = nil
\a cdsLibManager->cellListBox->value = "SOTA_Transient_AC_TB"
\a cdsLibManager->cellLineEdit->value = "SOTA_Transient_AC_TB"
\a cdsLibManager->viewListBox->value = "schematic"
\a cdsLibManager->viewLineEdit->value = "schematic"
\a cdsLibManager->viewListBox->value = nil
\a cdsLibManager->viewLineEdit->value = ""
\a cdsLibManager->viewListBox->value = "schematic"
\a cdsLibManager->viewLineEdit->value = "schematic"
\o MPS request: edit design
\a nrListItemAction(cdsLibManager->gdmXTView 1 0)
\a nrSetCurrentWindow(cdsLibManager)
\a cdsLibManager->libListBox->value = nil
\a cdsLibManager->libLineEdit->value = ""
\a cdsLibManager->cellListBox->value = nil
\a cdsLibManager->viewLineEdit->value = ""
\a cdsLibManager->viewListBox->value = nil
\a cdsLibManager->cellLineEdit->value = ""
\w Warning: '/users/students/r0926826/kuleuven/6/DAMSIC/DAMSIC2025_work/cds.lib', Line 9: Skipping: 'DAMSI_ours'
\o   /users/students/r0926826/kuleuven/6/DAMSIC/DAMSIC2025_work/DAMSI_ours 
\w Warning: The directory: '/users/students/r0926826/kuleuven/6/DAMSIC/DAMSIC2025_work/SESSION_1_EXCERCISEDEFINE' does not exist
\w 	but was defined in libFile '/users/students/r0926826/kuleuven/6/DAMSIC/DAMSIC2025_work/cds.lib' for Lib 'SESSION_1_EXCERCISE'.
\a cdsLibManager->libListBox->value = "damsicOurs"
\a cdsLibManager->libLineEdit->value = "damsicOurs"
\a cdsLibManager->cellListBox->value = "SOTA_Transient_AC_TB"
\a cdsLibManager->cellLineEdit->value = "SOTA_Transient_AC_TB"
\a cdsLibManager->viewListBox->value = "schematic"
\a cdsLibManager->viewLineEdit->value = "schematic"
\a cdsLibManager->cellLineEdit->value = ""
\a cdsLibManager->cellListBox->value = nil
\a cdsLibManager->viewLineEdit->value = ""
\a cdsLibManager->viewListBox->value = nil
\a cdsLibManager->cellListBox->value = "SOTA_Transient_AC_TB"
\a cdsLibManager->cellLineEdit->value = "SOTA_Transient_AC_TB"
\a cdsLibManager->viewListBox->value = "schematic"
\a cdsLibManager->viewLineEdit->value = "schematic"
\a cdsLibManager->viewLineEdit->value = ""
\a cdsLibManager->viewListBox->value = nil
\a cdsLibManager->viewListBox->value = "schematic"
\a cdsLibManager->viewLineEdit->value = "schematic"
\a cdsLibManager->viewLineEdit->value = ""
\a cdsLibManager->viewListBox->value = nil
\a cdsLibManager->viewListBox->value = "schematic"
\a cdsLibManager->viewLineEdit->value = "schematic"
\a nrSetCurrentWindow(cdsLibManager)
\a nrSetCurrentWindow(cdsLibManager)
\a nrResizeWindow(cdsLibManager list(99 176 1733 833))
\a nrSetCurrentWindow(cdsLibManager)
\a nrSetCurrentWindow(cdsLibManager)
\a cdsLibManager->libListBox->value = "DAMSIC"
\a cdsLibManager->libLineEdit->value = "DAMSIC"
\a cdsLibManager->cellLineEdit->value = ""
\a cdsLibManager->cellListBox->value = nil
\a cdsLibManager->viewLineEdit->value = ""
\a cdsLibManager->viewListBox->value = nil
\a cdsLibManager->cellListBox->value = "symmetrical"
\a cdsLibManager->cellLineEdit->value = "symmetrical"
\a cdsLibManager->viewListBox->value = "schematic"
\a cdsLibManager->viewLineEdit->value = "schematic"
\a cdsLibManager->viewLineEdit->value = ""
\a cdsLibManager->viewListBox->value = nil
\o MPS request: edit design
\a nrListItemAction(cdsLibManager->cellListBox 16 0)
\a nrSetCurrentWindow(cdsLibManager)
\a cdsLibManager->libListBox->value = nil
\a cdsLibManager->libLineEdit->value = ""
\a cdsLibManager->cellLineEdit->value = ""
\a cdsLibManager->cellListBox->value = nil
\w Warning: '/users/students/r0926826/kuleuven/6/DAMSIC/DAMSIC2025_work/cds.lib', Line 9: Skipping: 'DAMSI_ours'
\o   /users/students/r0926826/kuleuven/6/DAMSIC/DAMSIC2025_work/DAMSI_ours 
\w Warning: The directory: '/users/students/r0926826/kuleuven/6/DAMSIC/DAMSIC2025_work/SESSION_1_EXCERCISEDEFINE' does not exist
\w 	but was defined in libFile '/users/students/r0926826/kuleuven/6/DAMSIC/DAMSIC2025_work/cds.lib' for Lib 'SESSION_1_EXCERCISE'.
\a cdsLibManager->libListBox->value = "DAMSIC"
\a cdsLibManager->libLineEdit->value = "DAMSIC"
\a cdsLibManager->cellListBox->value = "symmetrical"
\a cdsLibManager->cellLineEdit->value = "symmetrical"
\a cdsLibManager->viewListBox->value = "schematic"
\a cdsLibManager->viewLineEdit->value = "schematic"
\a cdsLibManager->viewLineEdit->value = ""
\a cdsLibManager->viewListBox->value = nil
\a cdsLibManager->viewListBox->value = "schematic"
\a cdsLibManager->viewLineEdit->value = "schematic"
\a nrSetCurrentWindow(cdsLibManager)
\a nrSetCurrentWindow(cdsLibManager)
\a cdsLibManager->libListBox->value = "gpdk045"
\a cdsLibManager->libLineEdit->value = "gpdk045"
\a cdsLibManager->cellLineEdit->value = ""
\a cdsLibManager->cellListBox->value = nil
\a cdsLibManager->viewLineEdit->value = ""
\a cdsLibManager->viewListBox->value = nil
\a cdsLibManager->libListBox->value = "damsicOurs"
\a cdsLibManager->libLineEdit->value = "damsicOurs"
\a cdsLibManager->cellListBox->value = "SOTA_Transient_AC_TB"
\a cdsLibManager->cellLineEdit->value = "SOTA_Transient_AC_TB"
\a cdsLibManager->viewListBox->value = "schematic"
\a cdsLibManager->viewLineEdit->value = "schematic"
\a cdsLibManager->viewListBox->value = "maestro"
\a cdsLibManager->viewLineEdit->value = "maestro"
\o MPS request: edit design
\a nrListItemAction(cdsLibManager->gdmXTView 0 0)
\a nrSetCurrentWindow(cdsLibManager)
\a nrSetCurrentWindow(cdsLibManager)
\a nrSetCurrentWindow(cdsLibManager)
\a nrSetCurrentWindow(cdsLibManager)
\a nrSetCurrentWindow(cdsLibManager)
\a nrSetCurrentWindow(cdsLibManager)
\a nrResizeWindow(cdsLibManager list(157 190 1733 833))
\a nrResizeWindow(cdsLibManager list(112 191 1733 833))
\a nrResizeWindow(cdsLibManager list(115 180 1733 833))
\a nrSetCurrentWindow(cdsLibManager)
\a cdsLibManager->libListBox->value = "DAMSIC"
\a cdsLibManager->libLineEdit->value = "DAMSIC"
\a cdsLibManager->cellLineEdit->value = ""
\a cdsLibManager->cellListBox->value = nil
\a cdsLibManager->viewLineEdit->value = ""
\a cdsLibManager->viewListBox->value = nil
\a cdsLibManager->cellListBox->value = "gmoverid_plots"
\a cdsLibManager->cellLineEdit->value = "gmoverid_plots"
\a cdsLibManager->viewListBox->value = "maestro"
\a cdsLibManager->viewLineEdit->value = "maestro"
\a cdsLibManager->cellListBox->value = "IGS_Testbench"
\a cdsLibManager->cellLineEdit->value = "IGS_Testbench"
\a cdsLibManager->viewLineEdit->value = ""
\a cdsLibManager->viewListBox->value = nil
\a cdsLibManager->viewListBox->value = "maestro"
\a cdsLibManager->viewLineEdit->value = "maestro"
\a cdsLibManager->viewListBox->value = "schematic"
\a cdsLibManager->viewLineEdit->value = "schematic"
\a nrSetCurrentWindow(cdsLibManager)
\a nrSetCurrentWindow(cdsLibManager)
\a nrSetCurrentWindow(cdsLibManager)
\a cdsLibManager->cellListBox->value = "gmoverid_plots"
\a cdsLibManager->cellLineEdit->value = "gmoverid_plots"
\a cdsLibManager->viewLineEdit->value = ""
\a cdsLibManager->viewListBox->value = nil
\a cdsLibManager->viewListBox->value = "schematic"
\a cdsLibManager->viewLineEdit->value = "schematic"
\a cdsLibManager->cellLineEdit->value = ""
\a cdsLibManager->cellListBox->value = nil
\a cdsLibManager->viewLineEdit->value = ""
\a cdsLibManager->viewListBox->value = nil
\a cdsLibManager->cellListBox->value = "gmoverid_plots"
\a cdsLibManager->cellLineEdit->value = "gmoverid_plots"
\a cdsLibManager->viewListBox->value = "schematic"
\a cdsLibManager->viewLineEdit->value = "schematic"
\a cdsLibManager->viewLineEdit->value = ""
\a cdsLibManager->viewListBox->value = nil
\o MPS request: edit design
\a nrListItemAction(cdsLibManager->cellListBox 11 0)
\a cdsLibManager->libListBox->value = nil
\a cdsLibManager->libLineEdit->value = ""
\a cdsLibManager->cellLineEdit->value = ""
\a cdsLibManager->cellListBox->value = nil
\w Warning: '/users/students/r0926826/kuleuven/6/DAMSIC/DAMSIC2025_work/cds.lib', Line 9: Skipping: 'DAMSI_ours'
\o   /users/students/r0926826/kuleuven/6/DAMSIC/DAMSIC2025_work/DAMSI_ours 
\w Warning: The directory: '/users/students/r0926826/kuleuven/6/DAMSIC/DAMSIC2025_work/SESSION_1_EXCERCISEDEFINE' does not exist
\w 	but was defined in libFile '/users/students/r0926826/kuleuven/6/DAMSIC/DAMSIC2025_work/cds.lib' for Lib 'SESSION_1_EXCERCISE'.
\a cdsLibManager->libListBox->value = "DAMSIC"
\a cdsLibManager->libLineEdit->value = "DAMSIC"
\a cdsLibManager->cellListBox->value = "gmoverid_plots"
\a cdsLibManager->cellLineEdit->value = "gmoverid_plots"
\a cdsLibManager->viewListBox->value = "schematic"
\a cdsLibManager->viewLineEdit->value = "schematic"
\a cdsLibManager->viewLineEdit->value = ""
\a cdsLibManager->viewListBox->value = nil
\a cdsLibManager->viewListBox->value = "schematic"
\a cdsLibManager->viewLineEdit->value = "schematic"
\a nrSetCurrentWindow(cdsLibManager)
\a nrSetCurrentWindow(cdsLibManager)
\a nrSetCurrentWindow(cdsLibManager)
\a nrSetCurrentWindow(cdsLibManager)
\a nrSetCurrentWindow(cdsLibManager)
