*Info*    Exporting services from client ... 

*Info*    Client has finished starting ... 



*Info*    Configuring the session ...

	Library      = DAMSIC
	Cell         = demo_SCAmplifier_idealOTA_STB_TB
	View         = schematic
	Simulator    = spectre
	State Path   = $AXL_SETUPDB_DIR/test_states
	State Name   = Interactive.0
	Results DB   = /users/students/r0926826/kuleuven/6/DAMSIC/DAMSIC2025_work/DAMSIC/demo_SCAmplifier_idealOTA_STB_TB/maestro/results/maestro/Interactive.0.rdb
	Results Dir  = /users/students/r0926826/simulation/DAMSIC/demo_SCAmplifier_idealOTA_STB_TB/maestro/results/maestro/Interactive.0/1/DAMSIC_demo_SCAmplifier_idealOTA_STB_TB_1
	Results Loc  = /users/students/r0926826/simulation/DAMSIC/demo_SCAmplifier_idealOTA_STB_TB/maestro/results/maestro
	Project Dir  = /users/students/r0926826/simulation
	Setup DB loc = /users/students/r0926826/kuleuven/6/DAMSIC/DAMSIC2025_work/DAMSIC/demo_SCAmplifier_idealOTA_STB_TB/maestro
	File Encoding = 0


INFO (EXPLORER-5024): Simulation will use spectre batch mode because the GCC version used by Spectre and Virtuoso are not compatible.

*Info*    The auto suspension is disabled.

Loading monte.cxt 





*Info*    Run start for Point ID (0 1) on testbench [
          DAMSIC_demo_SCAmplifier_idealOTA_STB_TB_1 ].

Resetting statistical vars

*Info*    Setting parameter values ...

Setting var Cfb = "0.5"
Setting var Cin = "5"
Setting var Cl = "2.5"
Setting var INCM = "0.5"
Setting var OUTCMRef = "0.5"
Setting var c_ota = "0.5p"
Setting var gm_ota = "11.3m"
Setting var ro_ota = "1.11M"
Setting temp(T) = 27
Setting var vdd = "1.1"

*Info*    Netlist Directory =
          /users/students/r0926826/simulation/DAMSIC/demo_SCAmplifier_idealOTA_STB_TB/maestro/results/maestro/Interactive.0/1/DAMSIC_demo_SCAmplifier_idealOTA_STB_TB_1/netlist


*Info*    Data Directory    =
          /users/students/r0926826/simulation/DAMSIC/demo_SCAmplifier_idealOTA_STB_TB/maestro/results/maestro/Interactive.0/1/DAMSIC_demo_SCAmplifier_idealOTA_STB_TB_1


*Info*    Creating Netlist for Point ID (0 1)

generate netlist...
Loading hnlInit.cxt 
Loading seCore.cxt 
Initializing the control file using cp:
    cp /esat/micas-data/software/Cadence/ic_6.1.8.310/tools.lnx86/dfII/etc/si/control.spectre /users/students/r0926826/simulation/DAMSIC/demo_SCAmplifier_idealOTA_STB_TB/maestro/results/maestro/Interactive.0/1/DAMSIC_demo_SCAmplifier_idealOTA_STB_TB_1/netlist/control
Copying Spectre source file 'spectre.inp'
Copying Spectre command file 'spectre.sim'
Begin Incremental Netlisting Mar 14 13:50:47 2025
Loading json.cxt 
End netlisting Mar 14 13:50:49 2025

Netlisting Statistics:
	Number of components:   42

	Elapsed time:          2.0s (21.00/s)
Errors: 0	Warnings: 0
      ...successful.
compose simulator input file...
      ...successful.

*Info*    Running simulation on testbench [
          DAMSIC_demo_SCAmplifier_idealOTA_STB_TB_1 ] for Point ID (0
          1).

Delete psf data in /users/students/r0926826/simulation/DAMSIC/demo_SCAmplifier_idealOTA_STB_TB/maestro/results/maestro/Interactive.0/1/DAMSIC_demo_SCAmplifier_idealOTA_STB_TB_1/psf.
compose simulator input file...
      ...successful.
start simulator if needed...
      ...successful.
simulate...
To view the simulator output, right-click on the test name, result 
name, or any value in the "Results" tab of the Outputs section and 
choose "Output Log" menu option.
Loading paraplot.cxt 
INFO (ADE-3067): Errors encountered during simulation. For more information, right-click
        on a test name in the 'Results' tab of the Outputs pane and choose 'Output Log'
        to view the simulation run log.
reading simulation data...
      ...successful.

*Error*   Error ID  = 5011
*Error*   Error Msg = Simulator failed to complete the simulation.

          Error found by spectre.
Error found by spectre.
ERROR
          (SPECTRE-16850): Invalid instance name `I23' is specified
          as value for the 'probe' parameter in stb analysis. Ensure
          that the instance name is s
pecified in the netlist or
          specify the correct instance name in stb analysis.





*Info*    Client has finished evaluating ... 


*Info*    Run complete for Point ID (0 1) on testbench [
          DAMSIC_demo_SCAmplifier_idealOTA_STB_TB_1 ].





Simulation design variables differ from those on the cellView,
they have been saved in the file "/tmp/saved-design-variables".
To save future changes, copy variables to cellView before exiting.
