*Info*    Exporting services from client ... 

*Info*    Client has finished starting ... 



*Info*    Configuring the session ...

	Library      = damsicOurs
	Cell         = FCOTA_Transient_AC_TB_NMOSIN
	View         = schematic
	Simulator    = spectre
	State Path   = $AXL_SETUPDB_DIR/test_states
	State Name   = Interactive.0
	Results DB   = /users/students/r0926826/kuleuven/6/DAMSIC/DAMSIC2025_work/damsicOurs/FCOTA_Transient_AC_TB_NMOSIN/maestro/results/maestro/Interactive.0.rdb
	Results Dir  = /users/students/r0926826/simulation/damsicOurs/FCOTA_Transient_AC_TB_NMOSIN/maestro/results/maestro/Interactive.0/1/damsicOurs_FCOTA_Transient_AC_TB_NMOSIN_1
	Results Loc  = /users/students/r0926826/simulation/damsicOurs/FCOTA_Transient_AC_TB_NMOSIN/maestro/results/maestro
	Project Dir  = /users/students/r0926826/simulation
	Setup DB loc = /users/students/r0926826/kuleuven/6/DAMSIC/DAMSIC2025_work/damsicOurs/FCOTA_Transient_AC_TB_NMOSIN/maestro
	File Encoding = 0


INFO (EXPLORER-5024): Simulation will use spectre batch mode because the GCC version used by Spectre and Virtuoso are not compatible.

*Info*    The auto suspension is disabled.






*Info*    Run start for Point ID (0 1) on testbench [
          damsicOurs_FCOTA_Transient_AC_TB_NMOSIN_1 ].

Resetting statistical vars

*Info*    Setting parameter values ...

Setting var A = "4"
Setting var Cl = "2.5p"
Setting var FreqIn = "1k"
Setting var INCM = "0.84"
Setting var INDM = "0.05"
Setting var OUTCMREF = "0.3"
Setting var nL1 = "6"
Setting var nL5 = "9"
Setting var nL6 = "9"
Setting var nL7 = "3"
Setting var nl2 = "9"
Setting var nl3 = "9"
Setting var nnF3 = "213"
Setting var nnF5 = "213"
Setting var nnW3 = "20"
Setting var nnW5 = "20"
Setting var npF1 = "53"
Setting var npF2 = "88"
Setting var npF6 = "203"
Setting var npF7 = "53"
Setting var npW1 = "20"
Setting var npW2 = "20"
Setting var npW6 = "20"
Setting var npW7 = "20"
Setting var r_cmfb = "200"
Setting temp(T) = 27
Setting var vb1 = "0.613"
Setting var vb3 = "0.49"
Setting var vb5 = "0.64"
Setting var vb6 = "0.2"
Setting var vb7 = "0.47"
Setting var vdd = "1.1"

*Info*    Netlist Directory =
          /users/students/r0926826/simulation/damsicOurs/FCOTA_Transient_AC_TB_NMOSIN/maestro/results/maestro/Interactive.0/1/damsicOurs_FCOTA_Transient_AC_TB_NMOSIN_1/netlist


*Info*    Data Directory    =
          /users/students/r0926826/simulation/damsicOurs/FCOTA_Transient_AC_TB_NMOSIN/maestro/results/maestro/Interactive.0/1/damsicOurs_FCOTA_Transient_AC_TB_NMOSIN_1


*Info*    Creating Netlist for Point ID (0 1)

generate netlist...
Begin Incremental Netlisting Apr 28 20:55:03 2025
End netlisting Apr 28 20:55:03 2025

	The netlist is up to date.
	Time taken to compare the design with netlist:   0.0s
      ...successful.
compose simulator input file...
      ...successful.

*Info*    Running simulation on testbench [
          damsicOurs_FCOTA_Transient_AC_TB_NMOSIN_1 ] for Point ID (0
          1).

Delete psf data in /users/students/r0926826/simulation/damsicOurs/FCOTA_Transient_AC_TB_NMOSIN/maestro/results/maestro/Interactive.0/1/damsicOurs_FCOTA_Transient_AC_TB_NMOSIN_1/psf.
compose simulator input file...
      ...successful.
start simulator if needed...
      ...successful.
simulate...
To view the simulator output, right-click on the test name, result 
name, or any value in the "Results" tab of the Outputs section and 
choose "Output Log" menu option.
INFO (ADE-3071): Simulation completed successfully.
reading simulation data...
      ...successful.
*Info*    Client has finished evaluating ... 


*Info*    Run complete for Point ID (0 1) on testbench [
          damsicOurs_FCOTA_Transient_AC_TB_NMOSIN_1 ].





Simulation design variables differ from those on the cellView,
they have been saved in the file "/tmp/saved-design-variables".
To save future changes, copy variables to cellView before exiting.
