*Info*    Exporting services from client ... 

*Info*    Client has finished starting ... 



*Info*    Configuring the session ...

	Library      = damsicOurs
	Cell         = SOTA_Transient_AC_TB
	View         = schematic
	Simulator    = spectre
	State Path   = $AXL_SETUPDB_DIR/test_states
	State Name   = Interactive.0
	Results DB   = /users/students/r0926826/kuleuven/6/DAMSIC/DAMSIC2025_work/damsicOurs/SOTA_Transient_AC_TB/maestro/results/maestro/Interactive.0.rdb
	Results Dir  = /users/students/r0926826/simulation/damsicOurs/SOTA_Transient_AC_TB/maestro/results/maestro/Interactive.0/1/damsicOurs_SOTA_Transient_AC_TB_1
	Results Loc  = /users/students/r0926826/simulation/damsicOurs/SOTA_Transient_AC_TB/maestro/results/maestro
	Project Dir  = /users/students/r0926826/simulation
	Setup DB loc = /users/students/r0926826/kuleuven/6/DAMSIC/DAMSIC2025_work/damsicOurs/SOTA_Transient_AC_TB/maestro
	File Encoding = 0


INFO (EXPLORER-5024): Simulation will use spectre batch mode because the GCC version used by Spectre and Virtuoso are not compatible.

*Info*    The auto suspension is disabled.






*Info*    Run start for Point ID (28 1) on testbench [
          damsicOurs_SOTA_Transient_AC_TB_1 ].

Resetting statistical vars

*Info*    Setting parameter values ...

Setting var B = "1"
Setting var Cl = "2.5p"
Setting var FreqIn = "80M"
Setting var INCM = "0.5"
Setting var INDM = "0.05"
Setting var OUTCMREF = "0.5"
Setting var nL = "10"
Setting var nW = "10"
Setting var nl1 = "10"
Setting var nl2 = "10"
Setting var nl3 = "10"
Setting var npF = "10"
Setting var npM = "1"
Setting var npW = "10"
Setting temp(T) = 27
Setting var vb5 = "0.7"
Setting var vb6 = "0.1"
Setting var vb7 = "0.55"
Setting var vdd = "1.1"

*Info*    Netlist Directory =
          /users/students/r0926826/simulation/damsicOurs/SOTA_Transient_AC_TB/maestro/results/maestro/Interactive.0/1/damsicOurs_SOTA_Transient_AC_TB_1/netlist


*Info*    Data Directory    =
          /users/students/r0926826/simulation/damsicOurs/SOTA_Transient_AC_TB/maestro/results/maestro/Interactive.0/1/damsicOurs_SOTA_Transient_AC_TB_1


*Info*    Creating Netlist for Point ID (28 1)

generate netlist...
Begin Incremental Netlisting Mar 21 12:30:23 2025
Netlist Error: Parameter used recursively in expression w=iPar("fw") * iPar("fingers")
 for parameter w on  instance "PM2l" in cell-view "DAMSIC" "symmetrical" "schematic"
Netlist Error: Parameter used recursively in expression fw=iPar("w") / iPar("fingers")
 for parameter as on  instance "PM2l" in cell-view "DAMSIC" "symmetrical" "schematic"
Netlist Error: Parameter used recursively in expression fw=iPar("w") / iPar("fingers")
 for parameter ad on  instance "PM2l" in cell-view "DAMSIC" "symmetrical" "schematic"
Netlist Error: Parameter used recursively in expression fw=iPar("w") / iPar("fingers")
 for parameter ps on  instance "PM2l" in cell-view "DAMSIC" "symmetrical" "schematic"
Netlist Error: Parameter used recursively in expression fw=iPar("w") / iPar("fingers")
 for parameter pd on  instance "PM2l" in cell-view "DAMSIC" "symmetrical" "schematic"
Netlist Error: Parameter used recursively in expression fw=iPar("w") / iPar("fingers")
 for parameter nrd on  instance "PM2l" in cell-view "DAMSIC" "symmetrical" "schematic"
Netlist Error: Parameter used recursively in expression fw=iPar("w") / iPar("fingers")
 for parameter nrs on  instance "PM2l" in cell-view "DAMSIC" "symmetrical" "schematic"
Netlist Error: Parameter used recursively in expression fw=iPar("w") / iPar("fingers")
 for parameter sa on  instance "PM2l" in cell-view "DAMSIC" "symmetrical" "schematic"
Netlist Error: Parameter used recursively in expression fw=iPar("w") / iPar("fingers")
 for parameter sb on  instance "PM2l" in cell-view "DAMSIC" "symmetrical" "schematic"
Netlist Error: Parameter used recursively in expression fw=iPar("w") / iPar("fingers")
 for parameter sd on  instance "PM2l" in cell-view "DAMSIC" "symmetrical" "schematic"
Netlist Error: Parameter used recursively in expression fw=iPar("w") / iPar("fingers")
 for parameter sca on  instance "PM2l" in cell-view "DAMSIC" "symmetrical" "schematic"
Netlist Error: Parameter used recursively in expression fw=iPar("w") / iPar("fingers")
 for parameter scb on  instance "PM2l" in cell-view "DAMSIC" "symmetrical" "schematic"
Netlist Error: Parameter used recursively in expression fw=iPar("w") / iPar("fingers")
 for parameter scc on  instance "PM2l" in cell-view "DAMSIC" "symmetrical" "schematic"
Netlist Error: Parameter used recursively in expression w=iPar("fw") * iPar("fingers")
 for parameter w on  instance "PM2r" in cell-view "DAMSIC" "symmetrical" "schematic"
Netlist Error: Parameter used recursively in expression fw=iPar("w") / iPar("fingers")
 for parameter as on  instance "PM2r" in cell-view "DAMSIC" "symmetrical" "schematic"
Netlist Error: Parameter used recursively in expression fw=iPar("w") / iPar("fingers")
 for parameter ad on  instance "PM2r" in cell-view "DAMSIC" "symmetrical" "schematic"
Netlist Error: Parameter used recursively in expression fw=iPar("w") / iPar("fingers")
 for parameter ps on  instance "PM2r" in cell-view "DAMSIC" "symmetrical" "schematic"
Netlist Error: Parameter used recursively in expression fw=iPar("w") / iPar("fingers")
 for parameter pd on  instance "PM2r" in cell-view "DAMSIC" "symmetrical" "schematic"
Netlist Error: Parameter used recursively in expression fw=iPar("w") / iPar("fingers")
 for parameter nrd on  instance "PM2r" in cell-view "DAMSIC" "symmetrical" "schematic"
Netlist Error: Parameter used recursively in expression fw=iPar("w") / iPar("fingers")
 for parameter nrs on  instance "PM2r" in cell-view "DAMSIC" "symmetrical" "schematic"
Netlist Error: Parameter used recursively in expression fw=iPar("w") / iPar("fingers")
 for parameter sa on  instance "PM2r" in cell-view "DAMSIC" "symmetrical" "schematic"
Netlist Error: Parameter used recursively in expression fw=iPar("w") / iPar("fingers")
 for parameter sb on  instance "PM2r" in cell-view "DAMSIC" "symmetrical" "schematic"
Netlist Error: Parameter used recursively in expression fw=iPar("w") / iPar("fingers")
 for parameter sd on  instance "PM2r" in cell-view "DAMSIC" "symmetrical" "schematic"
Netlist Error: Parameter used recursively in expression fw=iPar("w") / iPar("fingers")
 for parameter sca on  instance "PM2r" in cell-view "DAMSIC" "symmetrical" "schematic"
Netlist Error: Parameter used recursively in expression fw=iPar("w") / iPar("fingers")
 for parameter scb on  instance "PM2r" in cell-view "DAMSIC" "symmetrical" "schematic"
Netlist Error: Parameter used recursively in expression fw=iPar("w") / iPar("fingers")
 for parameter scc on  instance "PM2r" in cell-view "DAMSIC" "symmetrical" "schematic"
WARNING (ADE-6003): Terminal "Vb1", specified in the CDF termOrder, does not exist
           in the cell-view "DAMSIC" "symmetrical" "schematic"
WARNING (ADE-6004): Mismatch was found between the terminals in the cellView and those on the
           termOrder property on the CDF. Because of the mismatch, the CDF termOrder will
           be ignored. The terminals in the cellView will be netlisted in the alphabetical
           order of their names. Eliminate the mismatch if you want the CDF termOrder
           property to be used for netlisting.
           To edit CDF of a cell, 
           i) Open CIW->Tools->CDF->Edit.
           ii) Select Library Name & Cell Name.
           iii) Click on the Edit button in the simulation information section of the
                Edit CDF window.
End netlisting Mar 21 12:30:23 2025
ERROR (OSSHNL-514): Netlist generation failed because of the errors reported above. The netlist might not have been generated at all, or the generated netlist could be corrupt. Fix the reported errors and regenerate the netlist.
      ...unsuccessful.

*Error*   Error ID  = 5012
*Error*   Error Msg = Failed to create netlist.









*Info*    Run start for Point ID (28 1) on testbench [
          damsicOurs_SOTA_Transient_AC_TB_1 ].

Resetting statistical vars

*Info*    Setting parameter values ...

Setting var B = "1"
Setting var Cl = "2.5p"
Setting var FreqIn = "80M"
Setting var INCM = "0.5"
Setting var INDM = "0.05"
Setting var OUTCMREF = "0.5"
Setting var nL = "10"
Setting var nW = "10"
Setting var nl1 = "10"
Setting var nl2 = "10"
Setting var nl3 = "10"
Setting var npF = "10"
Setting var npM = "1"
Setting var npW = "10"
Setting temp(T) = 27
Setting var vb5 = "0.7"
Setting var vb6 = "0.1"
Setting var vb7 = "0.55"
Setting var vdd = "1.1"

*Info*    Netlist Directory =
          /users/students/r0926826/simulation/damsicOurs/SOTA_Transient_AC_TB/maestro/results/maestro/Interactive.0/1/damsicOurs_SOTA_Transient_AC_TB_1/netlist


*Info*    Data Directory    =
          /users/students/r0926826/simulation/damsicOurs/SOTA_Transient_AC_TB/maestro/results/maestro/Interactive.0/1/damsicOurs_SOTA_Transient_AC_TB_1


*Info*    Creating Netlist for Point ID (28 1)

generate netlist...
Begin Incremental Netlisting Mar 21 12:30:23 2025
Netlist Error: Parameter used recursively in expression w=iPar("fw") * iPar("fingers")
 for parameter w on  instance "PM2l" in cell-view "DAMSIC" "symmetrical" "schematic"
Netlist Error: Parameter used recursively in expression fw=iPar("w") / iPar("fingers")
 for parameter as on  instance "PM2l" in cell-view "DAMSIC" "symmetrical" "schematic"
Netlist Error: Parameter used recursively in expression fw=iPar("w") / iPar("fingers")
 for parameter ad on  instance "PM2l" in cell-view "DAMSIC" "symmetrical" "schematic"
Netlist Error: Parameter used recursively in expression fw=iPar("w") / iPar("fingers")
 for parameter ps on  instance "PM2l" in cell-view "DAMSIC" "symmetrical" "schematic"
Netlist Error: Parameter used recursively in expression fw=iPar("w") / iPar("fingers")
 for parameter pd on  instance "PM2l" in cell-view "DAMSIC" "symmetrical" "schematic"
Netlist Error: Parameter used recursively in expression fw=iPar("w") / iPar("fingers")
 for parameter nrd on  instance "PM2l" in cell-view "DAMSIC" "symmetrical" "schematic"
Netlist Error: Parameter used recursively in expression fw=iPar("w") / iPar("fingers")
 for parameter nrs on  instance "PM2l" in cell-view "DAMSIC" "symmetrical" "schematic"
Netlist Error: Parameter used recursively in expression fw=iPar("w") / iPar("fingers")
 for parameter sa on  instance "PM2l" in cell-view "DAMSIC" "symmetrical" "schematic"
Netlist Error: Parameter used recursively in expression fw=iPar("w") / iPar("fingers")
 for parameter sb on  instance "PM2l" in cell-view "DAMSIC" "symmetrical" "schematic"
Netlist Error: Parameter used recursively in expression fw=iPar("w") / iPar("fingers")
 for parameter sd on  instance "PM2l" in cell-view "DAMSIC" "symmetrical" "schematic"
Netlist Error: Parameter used recursively in expression fw=iPar("w") / iPar("fingers")
 for parameter sca on  instance "PM2l" in cell-view "DAMSIC" "symmetrical" "schematic"
Netlist Error: Parameter used recursively in expression fw=iPar("w") / iPar("fingers")
 for parameter scb on  instance "PM2l" in cell-view "DAMSIC" "symmetrical" "schematic"
Netlist Error: Parameter used recursively in expression fw=iPar("w") / iPar("fingers")
 for parameter scc on  instance "PM2l" in cell-view "DAMSIC" "symmetrical" "schematic"
Netlist Error: Parameter used recursively in expression w=iPar("fw") * iPar("fingers")
 for parameter w on  instance "PM2r" in cell-view "DAMSIC" "symmetrical" "schematic"
Netlist Error: Parameter used recursively in expression fw=iPar("w") / iPar("fingers")
 for parameter as on  instance "PM2r" in cell-view "DAMSIC" "symmetrical" "schematic"
Netlist Error: Parameter used recursively in expression fw=iPar("w") / iPar("fingers")
 for parameter ad on  instance "PM2r" in cell-view "DAMSIC" "symmetrical" "schematic"
Netlist Error: Parameter used recursively in expression fw=iPar("w") / iPar("fingers")
 for parameter ps on  instance "PM2r" in cell-view "DAMSIC" "symmetrical" "schematic"
Netlist Error: Parameter used recursively in expression fw=iPar("w") / iPar("fingers")
 for parameter pd on  instance "PM2r" in cell-view "DAMSIC" "symmetrical" "schematic"
Netlist Error: Parameter used recursively in expression fw=iPar("w") / iPar("fingers")
 for parameter nrd on  instance "PM2r" in cell-view "DAMSIC" "symmetrical" "schematic"
Netlist Error: Parameter used recursively in expression fw=iPar("w") / iPar("fingers")
 for parameter nrs on  instance "PM2r" in cell-view "DAMSIC" "symmetrical" "schematic"
Netlist Error: Parameter used recursively in expression fw=iPar("w") / iPar("fingers")
 for parameter sa on  instance "PM2r" in cell-view "DAMSIC" "symmetrical" "schematic"
Netlist Error: Parameter used recursively in expression fw=iPar("w") / iPar("fingers")
 for parameter sb on  instance "PM2r" in cell-view "DAMSIC" "symmetrical" "schematic"
Netlist Error: Parameter used recursively in expression fw=iPar("w") / iPar("fingers")
 for parameter sd on  instance "PM2r" in cell-view "DAMSIC" "symmetrical" "schematic"
Netlist Error: Parameter used recursively in expression fw=iPar("w") / iPar("fingers")
 for parameter sca on  instance "PM2r" in cell-view "DAMSIC" "symmetrical" "schematic"
Netlist Error: Parameter used recursively in expression fw=iPar("w") / iPar("fingers")
 for parameter scb on  instance "PM2r" in cell-view "DAMSIC" "symmetrical" "schematic"
Netlist Error: Parameter used recursively in expression fw=iPar("w") / iPar("fingers")
 for parameter scc on  instance "PM2r" in cell-view "DAMSIC" "symmetrical" "schematic"
WARNING (ADE-6003): Terminal "Vb1", specified in the CDF termOrder, does not exist
           in the cell-view "DAMSIC" "symmetrical" "schematic"
WARNING (ADE-6004): Mismatch was found between the terminals in the cellView and those on the
           termOrder property on the CDF. Because of the mismatch, the CDF termOrder will
           be ignored. The terminals in the cellView will be netlisted in the alphabetical
           order of their names. Eliminate the mismatch if you want the CDF termOrder
           property to be used for netlisting.
           To edit CDF of a cell, 
           i) Open CIW->Tools->CDF->Edit.
           ii) Select Library Name & Cell Name.
           iii) Click on the Edit button in the simulation information section of the
                Edit CDF window.
End netlisting Mar 21 12:30:24 2025
ERROR (OSSHNL-514): Netlist generation failed because of the errors reported above. The netlist might not have been generated at all, or the generated netlist could be corrupt. Fix the reported errors and regenerate the netlist.
      ...unsuccessful.

*Error*   Error ID  = 5012
*Error*   Error Msg = Failed to create netlist.




Simulation design variables differ from those on the cellView,
they have been saved in the file "/tmp/saved-design-variables".
To save future changes, copy variables to cellView before exiting.
