*Info*    Exporting services from client ... 

*Info*    Client has finished starting ... 



*Info*    Configuring the session ...

	Library      = damsicOurs
	Cell         = SOTA_Transient_AC_TB
	View         = schematic
	Simulator    = spectre
	State Path   = $AXL_SETUPDB_DIR/test_states
	State Name   = Interactive.0
	Results DB   = /users/students/r0926826/kuleuven/6/DAMSIC/DAMSIC2025_work/damsicOurs/SOTA_Transient_AC_TB/maestro/results/maestro/Interactive.0.rdb
	Results Dir  = /users/students/r0926826/simulation/damsicOurs/SOTA_Transient_AC_TB/maestro/results/maestro/Interactive.0/1/damsicOurs_SOTA_Transient_AC_TB_1
	Results Loc  = /users/students/r0926826/simulation/damsicOurs/SOTA_Transient_AC_TB/maestro/results/maestro
	Project Dir  = /users/students/r0926826/simulation
	Setup DB loc = /users/students/r0926826/kuleuven/6/DAMSIC/DAMSIC2025_work/damsicOurs/SOTA_Transient_AC_TB/maestro
	File Encoding = 0


INFO (EXPLORER-5024): Simulation will use spectre batch mode because the GCC version used by Spectre and Virtuoso are not compatible.

*Info*    The auto suspension is disabled.






*Info*    Run start for Point ID (38 1) on testbench [
          damsicOurs_SOTA_Transient_AC_TB_1 ].

Resetting statistical vars

*Info*    Setting parameter values ...

Setting var B = "1"
Setting var Cl = "2.5p"
Setting var FreqIn = "80M"
Setting var INCM = "0.5"
Setting var INDM = "0.05"
Setting var OUTCMREF = "0.6"
Setting var nL = "10"
Setting var nW = "10"
Setting var nl1 = "10"
Setting var nl2 = "10"
Setting var nl3 = "10"
Setting var npF = "10"
Setting var npM = "1"
Setting var npW = "10"
Setting temp(T) = 27
Setting var vb5 = "0.7"
Setting var vb6 = "0.35"
Setting var vdd = "1.1"

*Info*    Netlist Directory =
          /users/students/r0926826/simulation/damsicOurs/SOTA_Transient_AC_TB/maestro/results/maestro/Interactive.0/1/damsicOurs_SOTA_Transient_AC_TB_1/netlist


*Info*    Data Directory    =
          /users/students/r0926826/simulation/damsicOurs/SOTA_Transient_AC_TB/maestro/results/maestro/Interactive.0/1/damsicOurs_SOTA_Transient_AC_TB_1


*Info*    Creating Netlist for Point ID (38 1)

generate netlist...
Begin Incremental Netlisting Mar 21 13:02:13 2025
WARNING (OSSHNL-225): The design variable 'vb7', used in the last netlisting session in the current
run directory is not used in this netlisting session. The netlist(s) generated
in the last netlisting session cannot be reused for incremental netlisting.
Therefore re-netlisting the design.

ERROR (OSSHNL-912): Netlisting failed because terminal 'Vb7' specified in placed master 'DAMSIC/symmetrical/symbol'
does not exist in switch master 'DAMSIC/symmetrical/schematic'. To continue netlisting, either set
the 'simCheckTermMismatchAction' to 'ignore', or set the
'simCheckTermMismatchAction' to 'warning' and 'nlAction' to 'ignore' for the
missing terminal.

End netlisting Mar 21 13:02:13 2025
ERROR (OSSHNL-514): Netlist generation failed because of the errors reported above. The netlist might not have been generated at all, or the generated netlist could be corrupt. Fix the reported errors and regenerate the netlist.
      ...unsuccessful.

*Error*   Error ID  = 5012
*Error*   Error Msg = Failed to create netlist.









*Info*    Run start for Point ID (38 1) on testbench [
          damsicOurs_SOTA_Transient_AC_TB_1 ].

Resetting statistical vars

*Info*    Setting parameter values ...

Setting var B = "1"
Setting var Cl = "2.5p"
Setting var FreqIn = "80M"
Setting var INCM = "0.5"
Setting var INDM = "0.05"
Setting var OUTCMREF = "0.6"
Setting var nL = "10"
Setting var nW = "10"
Setting var nl1 = "10"
Setting var nl2 = "10"
Setting var nl3 = "10"
Setting var npF = "10"
Setting var npM = "1"
Setting var npW = "10"
Setting temp(T) = 27
Setting var vb5 = "0.7"
Setting var vb6 = "0.35"
Setting var vdd = "1.1"

*Info*    Netlist Directory =
          /users/students/r0926826/simulation/damsicOurs/SOTA_Transient_AC_TB/maestro/results/maestro/Interactive.0/1/damsicOurs_SOTA_Transient_AC_TB_1/netlist


*Info*    Data Directory    =
          /users/students/r0926826/simulation/damsicOurs/SOTA_Transient_AC_TB/maestro/results/maestro/Interactive.0/1/damsicOurs_SOTA_Transient_AC_TB_1


*Info*    Creating Netlist for Point ID (38 1)

generate netlist...
Begin Incremental Netlisting Mar 21 13:02:13 2025
WARNING (OSSHNL-225): The design variable 'vb7', used in the last netlisting session in the current
run directory is not used in this netlisting session. The netlist(s) generated
in the last netlisting session cannot be reused for incremental netlisting.
Therefore re-netlisting the design.

ERROR (OSSHNL-912): Netlisting failed because terminal 'Vb7' specified in placed master 'DAMSIC/symmetrical/symbol'
does not exist in switch master 'DAMSIC/symmetrical/schematic'. To continue netlisting, either set
the 'simCheckTermMismatchAction' to 'ignore', or set the
'simCheckTermMismatchAction' to 'warning' and 'nlAction' to 'ignore' for the
missing terminal.

End netlisting Mar 21 13:02:13 2025
ERROR (OSSHNL-514): Netlist generation failed because of the errors reported above. The netlist might not have been generated at all, or the generated netlist could be corrupt. Fix the reported errors and regenerate the netlist.
      ...unsuccessful.

*Error*   Error ID  = 5012
*Error*   Error Msg = Failed to create netlist.




Simulation design variables differ from those on the cellView,
they have been saved in the file "/tmp/saved-design-variables".
To save future changes, copy variables to cellView before exiting.
