\# Program start time:     UTC 2025.04.22 11:46:58.782
\# Local time: CEST (UTC+02:00) 2025.04.22 13:46:58.782
\o Program:		@(#)$CDS: virtuoso version 6.1.8-64b 03/14/2023 19:53 (cpgsrv12) $
\o Hierarchy:		/esat/micas-data/software/Cadence/ic_6.1.8.310/tools.lnx86/dfII/
\o Sub version:		sub-version  IC6.1.8-64b.500.31  (64-bit addresses)
\# Command line:	/esat/micas-data/software/Cadence/ic_6.1.8.310/tools.lnx86/dfII/bin/64bit/virtuoso -noautostart -mpssession virtuoso3150 -mpshost pc-klas3-10.esat.kuleuven.be -davinciService DaVinciService_3150_1745321575 -log /users/students/r0926826/kuleuven/6/DAMSIC/DAMSIC2025_work/logs_r0926826/logs13/Job20.log -licenseLockFileName /users/students/r0926826/kuleuven/6/DAMSIC/DAMSIC2025_work/.tmp_r0926826/.pc-klas3-10.esat.kuleuven.be_3150 -interactiveA -interactiveE -interactiveRTT -nostdin -nographE -axlChildIdFlag 20
\# Host name (type):	pc-klas3-10.esat.kuleuven.be (x86_64)
\# Operating system:	Linux 5.14.0-503.38.1.el9_5.x86_64 #1 SMP PREEMPT_DYNAMIC Wed Apr 16 16:38:39 UTC 2025
\# Linux /etc/issue:	\S
\# Linux /etc/issue:	Kernel \r on an \m
\# X display name (WxH):	:1148 (1024x868)
\# Available geometry:			TL(0:0) BR(1023:867)
\# X server:			The X.Org Foundation
\# Depth of Visual (Root):	24 (24)
\# Number of Planes Used:	24
\# X version:		11.0 (vendor release 12011000)
\# X resource pool:	base 0x400000, mask 0x1fffff (2097151), shift 0
\# 			current id 0x0, current max 0x1ffffa (2097146)
\# Max data seg size:	     unlimited
\# Max process size:	     unlimited
\# Initial sbrk value:	        643 MB
\# Available memory:	     44,208 MB
\# System memory:	     48,245 MB
\# Maximum memory size:	     47,721 MB
\# Max mem available:	     44,326 MB
\# Initial memory used:	        118 MB
\#        process size:	      1,539 MB
\# Thread usage limits (effective/default):	maxthreads 5166/5166 maxload 12.00/12.00
\# Qt version:		5.9.1
\# Window Manager:	other
\# User Name:		r0926826
\o Working Directory:	pc-klas3-10.esat.kuleuven.be:/users/students/r0926826/kuleuven/6/DAMSIC/DAMSIC2025_work
\# Process Id:		13249
\o 
\o COPYRIGHT (C) 1992-2023  CADENCE DESIGN SYSTEMS INC.  ALL RIGHTS RESERVED.
\o           (C) 1992-2023  UNIX SYSTEMS Laboratories INC.,
\o                          Reproduced with permission.
\o 
\o This Cadence Design Systems program and online documentation are
\o proprietary/confidential information and may be disclosed/used only
\o as authorized in a license agreement controlling such use and disclosure.
\o 
\o           RESTRICTED RIGHTS NOTICE (SHORT FORM)
\o Use/reproduction/disclosure is subject to restriction
\o set forth at FAR 1252.227-19 or its equivalent.
\o Loading geView.cxt 
\o Loading menuBuilder.cxt 
\o Loading schView.cxt 
\o Loading selectSv.cxt 
\o Loading wireEdit.cxt 
\o Loading pte2.cxt 
\o Loading xlUI.cxt 
\o Loading auCore.cxt 
\o Loading vhdl.cxt 
\o Loading seismic.cxt 
\o Loading ci.cxt 
\o Loading ams.cxt 
\o Loading oasis.cxt 
\o Loading analog.cxt 
\o Loading asimenv.cxt 
\o Loading dal.cxt 
\o Loading awv.cxt 
\o Loading socket.cxt 
\o Loading par.cxt 
\o Loading alvs.cxt 
\o Loading caa.cxt 
\o Loading amps.cxt 
\o Loading adexlCore.cxt 
\# Memory report: using         227 MB, process size 1,772 MB at UTC 2025.04.22 11:47:00.084
\o Loading adexl.cxt 
\o *Info*    Exporting services from client ... 
\o 
\o Loading adexlDM.cxt 
\o Loading cpf.cxt 
\o Loading cli.cxt 
\o Loading lp.cxt 
\o INFO (ELI-00302) Connecting to parent process (session=virtuoso3150, host=pc-klas3-10.esat.kuleuven.be). Connection mode is ICRP. Total timeout is 180 seconds. Connection timeout is 90 seconds.
\o INFO (ELI-00303) Step 1: Connecting to parent. Time spent is 0 seconds.
\o INFO (ELI-00304) The registration of the child 13249 within 90 seconds is being processed...
\o INFO (ELI-00305) The result of registration is true. Time spent is 0 seconds.
\o INFO (ELI-00308) The connection has ended. Result is true. Total time spent is 0 seconds.
\# [13:46:58.458714] Configured Lic search path (22.01-s002): 27002@license-extern.esat.kuleuven.be:/esat/micas-data/software/Cadence/ic_6.1.8.310/share/license/license.dat
\w *WARNING* '/users/students/r0926826/kuleuven/6/DAMSIC/DAMSIC2025_work/cds.lib', Line 9: Skipping: 'DAMSI_ours'
\o  /users/students/r0926826/kuleuven/6/DAMSIC/DAMSIC2025_work/DAMSI_ours
\w *WARNING* The directory: '/users/students/r0926826/kuleuven/6/DAMSIC/DAMSIC2025_work/SESSION_1_EXCERCISEDEFINE' does not exist
\w 	but was defined in libFile '/users/students/r0926826/kuleuven/6/DAMSIC/DAMSIC2025_work/cds.lib' for Lib 'SESSION_1_EXCERCISE'.
\o *Info*    Client has finished starting ... 
\o 
\o Loading vdsil.cxt 
\p > 
\# Loading perfDiag...
\# (PerfDiag): Set GDB path to environment variable 'gdbPath' (gdb).
\w *WARNING* (PerfDiag): The GDB command 'gdb' is not found or is invalid.
\# Performance Diagnostic tool is installed. You can access PerfDiag from CIW Tools or use the shell command 'cdsPerfDiag -p 13249' to open it when Virtuoso freezes.
\# (PerfDiag): Use backtrace from GLIBC.
\w *WARNING* (PerfDiag): The GDB-related functionality has been disabled. Use the 'gdbPath' environment variable to set a valid GDB path or set one of the SHELL environment variables CDS_DEBUGGER, DEBUGGER, or GDB, and restart Virtuoso.
\# Available memory:         44,043 MB at UTC 2025.04.22 11:47:09.158
\# Memory report: Maximum memory size now 44,329 MB at UTC 2025.04.22 11:47:09.159
\# Thread usage report: 18 active threads, active load 1.40 at UTC 2025.04.22 11:47:09.159
\o Loading vqp.cxt 
\o Loading hdlPkg.cxt 
\o 
\o 
\o *Info*    Configuring the session ...
\o 
\o Loading simui.cxt 
\o 	Library      = damsicOurs
\o 	Cell         = GBOTA_Transient_AC_TB
\o 	View         = schematic
\o 	Simulator    = spectre
\o 	State Path   = $AXL_SETUPDB_DIR/test_states
\o 	State Name   = Interactive.0
\o 	Results DB   = /users/students/r0926826/kuleuven/6/DAMSIC/DAMSIC2025_work/damsicOurs/GBOTA_Transient_AC_TB/maestro/results/maestro/Interactive.0.rdb
\o 	Results Dir  = /users/students/r0926826/simulation/damsicOurs/GBOTA_Transient_AC_TB/maestro/results/maestro/Interactive.0/1/damsicOurs_GBOTA_Transient_AC_TB_1
\o 	Results Loc  = /users/students/r0926826/simulation/damsicOurs/GBOTA_Transient_AC_TB/maestro/results/maestro
\o 	Project Dir  = /users/students/r0926826/simulation
\o 	Setup DB loc = /users/students/r0926826/kuleuven/6/DAMSIC/DAMSIC2025_work/damsicOurs/GBOTA_Transient_AC_TB/maestro
\o 	File Encoding = 0
\o 
\o 
\o Loading viva.cxt 
\w *WARNING* '/users/students/r0926826/kuleuven/6/DAMSIC/DAMSIC2025_work/cds.lib', Line 9: Skipping: 'DAMSI_ours'
\o  /users/students/r0926826/kuleuven/6/DAMSIC/DAMSIC2025_work/DAMSI_ours
\w *WARNING* The directory: '/users/students/r0926826/kuleuven/6/DAMSIC/DAMSIC2025_work/SESSION_1_EXCERCISEDEFINE' does not exist
\w 	but was defined in libFile '/users/students/r0926826/kuleuven/6/DAMSIC/DAMSIC2025_work/cds.lib' for Lib 'SESSION_1_EXCERCISE'.
\o Loading gpdk045/libInit.il ...
\o 	Loading gpdk045/loadCxt.ile ... done!
\o 	Loading context 'gpdk045' from library 'gpdk045' ... done!
\o 	Loading context 'pdkUtils' from library 'gpdk045' ... done!
\e 	Loading gpdk045/gpdk045_customFilter.il ... *Error* eval: unbound variable - axlRegisterCustomDeviceFilter
\o failed!
\o 	Loading gpdk045/libInitCustomExit.il ... 
\o 	Loading Environment Settings ...
\o 	Loading Model Management File ...
\o Loading spectrei.cxt 
\o Loading devCheck.cxt 
\o Loading relXpert.cxt 
\o Loading hspiceD.cxt 
\o Loading spectreinl.cxt 
\o Loading UltraSim.cxt 
\# Memory report: using         365 MB, process size 1,917 MB at UTC 2025.04.22 11:48:54.040
\o Loading msgHandler.cxt 
\o Loading AMSOSS.cxt 
\o Loading AMS.cxt 
\o 	Loading gpdk045/gpdk045_PDKRegistrations.il ... done!
\o 
\o   *************************************************************           
\o   *              Cadence Design Systems, Inc.                 *           
\o   *                                                           *           
\o   *                    Generic 45nm PDK                       *           
\o   *                        (gpdk045)                          *           
\o   *                                                           *           
\o   *************************************************************           
\o 	
\o 
\o 	VERSION: 4.0 (17-June-2014)
\o 
\o done!
\o Failed to load gpdk045/libInit.il successfully!INFO (ADE-5024): Simulation will use spectre batch mode because the GCC version used by Spectre and Virtuoso are not compatible.
\o 
\o *Info*    The auto suspension is disabled.
\o 
\o Loading monte.cxt 
\o *Info*    Run start for points ((1 1) (1 2) (1 3))
\o 
\o 
\o 
\o 
\o 
\o 
\o *Info*    Run start for Point ID (1 1) on testbench [
\o           damsicOurs_GBOTA_Transient_AC_TB_1 ].
\o 
\o Resetting statistical vars
\o 
\o *Info*    Setting parameter values ...
\o 
\o Setting var A = "5"
\o Setting var B = "2"
\o Setting var Cl = "2.5p"
\o Setting var FreqIn = "1k"
\o Setting var INCM = "0.35"
\o Setting var INDM = "0.05"
\o Setting var OUTCMREF = "0.55"
\o Setting var gm_GB = "10m"
\o Setting var nL = "5"
\o Setting var nL1 = "5"
\o Setting var nL7 = "5"
\o Setting var nl2 = "5"
\o Setting var nl3 = "3"
\o Setting var nnF4 = "30"
\o Setting var nnF5 = "140"
\o Setting var nnW3 = "20"
\o Setting var nnW5 = "20"
\o Setting var npF1 = "222"
\o Setting var npF2 = "222"
\o Setting var npF6 = "170"
\o Setting var npF7 = "17"
\o Setting var npW1 = "20"
\o Setting var npW2 = "20"
\o Setting var npW6 = "20"
\o Setting var npW7 = "20"
\o Setting var r_cmfb = "1k"
\o Setting var ro_GB = "1k"
\o Setting temp(T) = 27
\o Setting var vb1 = "0.55"
\o Setting var vb5 = "0.85"
\o Setting var vb6 = "0.1"
\o Setting var vb7 = "0.55"
\o Setting var vdd = "1.1"
\o 
\o *Info*    Netlist Directory =
\o           /users/students/r0926826/simulation/damsicOurs/GBOTA_Transient_AC_TB/maestro/results/maestro/Interactive.0/1/damsicOurs_GBOTA_Transient_AC_TB_1/netlist
\o 
\o 
\o *Info*    Data Directory    =
\o           /users/students/r0926826/simulation/damsicOurs/GBOTA_Transient_AC_TB/maestro/results/maestro/Interactive.0/1/damsicOurs_GBOTA_Transient_AC_TB_1
\o 
\o 
\o *Info*    Creating Netlist for Point ID (1 1)
\o 
\o generate netlist...
\o Loading hnlInit.cxt 
\o Loading seCore.cxt 
\# [13:48:55.250019] Periodic Lic check successful
\# [13:48:55.250024] Feature usage summary:
\o Begin Incremental Netlisting Apr 22 13:48:55 2025
\o End netlisting Apr 22 13:48:55 2025
\o 
\o 	The netlist is up to date.
\o 	Time taken to compare the design with netlist:   0.0s
\o       ...successful.
\o compose simulator input file...
\o       ...successful.
\o 
\o *Info*    Running simulation on testbench [
\o           damsicOurs_GBOTA_Transient_AC_TB_1 ] for Point ID (1 1).
\o 
\o Delete psf data in /users/students/r0926826/simulation/damsicOurs/GBOTA_Transient_AC_TB/maestro/results/maestro/Interactive.0/1/damsicOurs_GBOTA_Transient_AC_TB_1/psf.
\o compose simulator input file...
\o       ...successful.
\o start simulator if needed...
\o       ...successful.
\o simulate...
\o To view the simulator output, right-click on the test name, result 
\o name, or any value in the "Results" tab of the Outputs section and 
\o choose "Output Log" menu option.
\o Loading paraplot.cxt 
\o INFO (ADE-3071): Simulation completed successfully.
\o reading simulation data...
\o       ...successful.
\o *Info*    Client has finished evaluating ... 
\o 
\o 
\o *Info*    Run complete for Point ID (1 1) on testbench [
\o           damsicOurs_GBOTA_Transient_AC_TB_1 ].
\o 
\o 
\o 
\o 
\o 
\o 
\o 
\o 
\o 
\o 
\o *Info*    Run start for Point ID (1 2) on testbench [
\o           damsicOurs_GBOTA_Transient_AC_TB_1 ].
\o 
\o Resetting statistical vars
\o 
\o *Info*    Setting parameter values ...
\o 
\o Setting var A = "10"
\o 
\o *Info*    Netlist Directory =
\o           /users/students/r0926826/simulation/damsicOurs/GBOTA_Transient_AC_TB/maestro/results/maestro/Interactive.0/2/damsicOurs_GBOTA_Transient_AC_TB_1/netlist
\o 
\o 
\o *Info*    Data Directory    =
\o           /users/students/r0926826/simulation/damsicOurs/GBOTA_Transient_AC_TB/maestro/results/maestro/Interactive.0/2/damsicOurs_GBOTA_Transient_AC_TB_1
\o 
\o 
\o *Info*    Creating Netlist for Point ID (1 2)
\o 
\o generate netlist...
\o Begin Incremental Netlisting Apr 22 13:48:57 2025
\o End netlisting Apr 22 13:48:57 2025
\o 
\o 	The netlist is up to date.
\o 	Time taken to compare the design with netlist:   0.0s
\o       ...successful.
\o compose simulator input file...
\o       ...successful.
\o 
\o *Info*    Running simulation on testbench [
\o           damsicOurs_GBOTA_Transient_AC_TB_1 ] for Point ID (1 2).
\o 
\o Delete psf data in /users/students/r0926826/simulation/damsicOurs/GBOTA_Transient_AC_TB/maestro/results/maestro/Interactive.0/2/damsicOurs_GBOTA_Transient_AC_TB_1/psf.
\o compose simulator input file...
\o       ...successful.
\o start simulator if needed...
\o       ...successful.
\o simulate...
\o To view the simulator output, right-click on the test name, result 
\o name, or any value in the "Results" tab of the Outputs section and 
\o choose "Output Log" menu option.
\o INFO (ADE-3071): Simulation completed successfully.
\o reading simulation data...
\o       ...successful.
\o *Info*    Client has finished evaluating ... 
\o 
\o 
\o *Info*    Run complete for Point ID (1 2) on testbench [
\o           damsicOurs_GBOTA_Transient_AC_TB_1 ].
\o 
\o 
\o 
\o 
\o 
\o 
\o 
\o 
\o 
\o 
\o *Info*    Run start for Point ID (1 3) on testbench [
\o           damsicOurs_GBOTA_Transient_AC_TB_1 ].
\o 
\o Resetting statistical vars
\o 
\o *Info*    Setting parameter values ...
\o 
\o Setting var A = "15"
\o 
\o *Info*    Netlist Directory =
\o           /users/students/r0926826/simulation/damsicOurs/GBOTA_Transient_AC_TB/maestro/results/maestro/Interactive.0/3/damsicOurs_GBOTA_Transient_AC_TB_1/netlist
\o 
\o 
\o *Info*    Data Directory    =
\o           /users/students/r0926826/simulation/damsicOurs/GBOTA_Transient_AC_TB/maestro/results/maestro/Interactive.0/3/damsicOurs_GBOTA_Transient_AC_TB_1
\o 
\o 
\o *Info*    Creating Netlist for Point ID (1 3)
\o 
\o generate netlist...
\o Begin Incremental Netlisting Apr 22 13:48:59 2025
\o End netlisting Apr 22 13:48:59 2025
\o 
\o 	The netlist is up to date.
\o 	Time taken to compare the design with netlist:   0.0s
\o       ...successful.
\o compose simulator input file...
\o       ...successful.
\o 
\o *Info*    Running simulation on testbench [
\o           damsicOurs_GBOTA_Transient_AC_TB_1 ] for Point ID (1 3).
\o 
\o Delete psf data in /users/students/r0926826/simulation/damsicOurs/GBOTA_Transient_AC_TB/maestro/results/maestro/Interactive.0/3/damsicOurs_GBOTA_Transient_AC_TB_1/psf.
\o compose simulator input file...
\o       ...successful.
\o start simulator if needed...
\o       ...successful.
\o simulate...
\o To view the simulator output, right-click on the test name, result 
\o name, or any value in the "Results" tab of the Outputs section and 
\o choose "Output Log" menu option.
\o INFO (ADE-3071): Simulation completed successfully.
\o reading simulation data...
\o       ...successful.
\o *Info*    Client has finished evaluating ... 
\o 
\o 
\o *Info*    Run complete for Point ID (1 3) on testbench [
\o           damsicOurs_GBOTA_Transient_AC_TB_1 ].
\o 
\o 
\o 
\o 
\o 
\o Simulation design variables differ from those on the cellView,
\o they have been saved in the file "/tmp/saved-design-variables".
\o To save future changes, copy variables to cellView before exiting.
\o 
\o 
\o *Info*    Configuring the session ...
\o 
\o 	Library      = damsicOurs
\o 	Cell         = GBOTA_Transient_AC_TB
\o 	View         = schematic
\o 	Simulator    = spectre
\o 	State Path   = $AXL_SETUPDB_DIR/test_states
\o 	State Name   = Interactive.0
\o 	Results DB   = /users/students/r0926826/kuleuven/6/DAMSIC/DAMSIC2025_work/damsicOurs/GBOTA_Transient_AC_TB/maestro/results/maestro/Interactive.0.rdb
\o 	Results Dir  = /users/students/r0926826/simulation/damsicOurs/GBOTA_Transient_AC_TB/maestro/results/maestro/Interactive.0/1/damsicOurs_GBOTA_Transient_AC_TB_1
\o 	Results Loc  = /users/students/r0926826/simulation/damsicOurs/GBOTA_Transient_AC_TB/maestro/results/maestro
\o 	Project Dir  = /users/students/r0926826/simulation
\o 	Setup DB loc = /users/students/r0926826/kuleuven/6/DAMSIC/DAMSIC2025_work/damsicOurs/GBOTA_Transient_AC_TB/maestro
\o 	File Encoding = 0
\o 
\o 
\o INFO (ADE-5024): Simulation will use spectre batch mode because the GCC version used by Spectre and Virtuoso are not compatible.
\o 
\o *Info*    The auto suspension is disabled.
\o 
\o *Info*    Run start for points ((2 1) (2 2) (2 3) (2 4))
\o 
\o 
\o 
\o 
\o 
\o 
\o *Info*    Run start for Point ID (2 1) on testbench [
\o           damsicOurs_GBOTA_Transient_AC_TB_1 ].
\o 
\o Resetting statistical vars
\o 
\o *Info*    Setting parameter values ...
\o 
\o Setting var A = "10"
\o Setting var B = "2"
\o Setting var Cl = "2.5p"
\o Setting var FreqIn = "1k"
\o Setting var INCM = "0.35"
\o Setting var INDM = "0.05"
\o Setting var OUTCMREF = "0.55"
\o Setting var gm_GB = "10m"
\o Setting var nL = "5"
\o Setting var nL1 = "5"
\o Setting var nL7 = "5"
\o Setting var nl2 = "5"
\o Setting var nl3 = "3"
\o Setting var nnF4 = "30"
\o Setting var nnF5 = "140"
\o Setting var nnW3 = "20"
\o Setting var nnW5 = "20"
\o Setting var npF1 = "222"
\o Setting var npF2 = "222"
\o Setting var npF6 = "170"
\o Setting var npF7 = "17"
\o Setting var npW1 = "20"
\o Setting var npW2 = "20"
\o Setting var npW6 = "20"
\o Setting var npW7 = "20"
\o Setting var r_cmfb = "1k"
\o Setting var ro_GB = "1k"
\o Setting temp(T) = 27
\o Setting var vb1 = "0.55"
\o Setting var vb5 = "0.85"
\o Setting var vb6 = "0.1"
\o Setting var vb7 = "0.55"
\o Setting var vdd = "1.1"
\o 
\o *Info*    Netlist Directory =
\o           /users/students/r0926826/simulation/damsicOurs/GBOTA_Transient_AC_TB/maestro/results/maestro/Interactive.0/1/damsicOurs_GBOTA_Transient_AC_TB_1/netlist
\o 
\o 
\o *Info*    Data Directory    =
\o           /users/students/r0926826/simulation/damsicOurs/GBOTA_Transient_AC_TB/maestro/results/maestro/Interactive.0/1/damsicOurs_GBOTA_Transient_AC_TB_1
\o 
\o 
\o *Info*    Creating Netlist for Point ID (2 1)
\o 
\o generate netlist...
\o Begin Incremental Netlisting Apr 22 13:49:48 2025
\o End netlisting Apr 22 13:49:48 2025
\o 
\o 	The netlist is up to date.
\o 	Time taken to compare the design with netlist:   0.0s
\o       ...successful.
\o compose simulator input file...
\o       ...successful.
\o 
\o *Info*    Running simulation on testbench [
\o           damsicOurs_GBOTA_Transient_AC_TB_1 ] for Point ID (2 1).
\o 
\o Delete psf data in /users/students/r0926826/simulation/damsicOurs/GBOTA_Transient_AC_TB/maestro/results/maestro/Interactive.0/1/damsicOurs_GBOTA_Transient_AC_TB_1/psf.
\o compose simulator input file...
\o       ...successful.
\o start simulator if needed...
\o       ...successful.
\o simulate...
\o To view the simulator output, right-click on the test name, result 
\o name, or any value in the "Results" tab of the Outputs section and 
\o choose "Output Log" menu option.
\o INFO (ADE-3071): Simulation completed successfully.
\o reading simulation data...
\o       ...successful.
\o *Info*    Client has finished evaluating ... 
\o 
\o 
\o *Info*    Run complete for Point ID (2 1) on testbench [
\o           damsicOurs_GBOTA_Transient_AC_TB_1 ].
\o 
\o 
\o 
\o 
\o 
\o 
\o 
\o 
\o 
\o 
\o *Info*    Run start for Point ID (2 2) on testbench [
\o           damsicOurs_GBOTA_Transient_AC_TB_1 ].
\o 
\o Resetting statistical vars
\o 
\o *Info*    Setting parameter values ...
\o 
\o Setting var A = "12"
\o 
\o *Info*    Netlist Directory =
\o           /users/students/r0926826/simulation/damsicOurs/GBOTA_Transient_AC_TB/maestro/results/maestro/Interactive.0/2/damsicOurs_GBOTA_Transient_AC_TB_1/netlist
\o 
\o 
\o *Info*    Data Directory    =
\o           /users/students/r0926826/simulation/damsicOurs/GBOTA_Transient_AC_TB/maestro/results/maestro/Interactive.0/2/damsicOurs_GBOTA_Transient_AC_TB_1
\o 
\o 
\o *Info*    Creating Netlist for Point ID (2 2)
\o 
\o generate netlist...
\o Begin Incremental Netlisting Apr 22 13:49:50 2025
\o End netlisting Apr 22 13:49:50 2025
\o 
\o 	The netlist is up to date.
\o 	Time taken to compare the design with netlist:   0.0s
\o       ...successful.
\o compose simulator input file...
\o       ...successful.
\o 
\o *Info*    Running simulation on testbench [
\o           damsicOurs_GBOTA_Transient_AC_TB_1 ] for Point ID (2 2).
\o 
\o Delete psf data in /users/students/r0926826/simulation/damsicOurs/GBOTA_Transient_AC_TB/maestro/results/maestro/Interactive.0/2/damsicOurs_GBOTA_Transient_AC_TB_1/psf.
\o compose simulator input file...
\o       ...successful.
\o start simulator if needed...
\o       ...successful.
\o simulate...
\o To view the simulator output, right-click on the test name, result 
\o name, or any value in the "Results" tab of the Outputs section and 
\o choose "Output Log" menu option.
\o INFO (ADE-3071): Simulation completed successfully.
\o reading simulation data...
\o       ...successful.
\o *Info*    Client has finished evaluating ... 
\o 
\o 
\o *Info*    Run complete for Point ID (2 2) on testbench [
\o           damsicOurs_GBOTA_Transient_AC_TB_1 ].
\o 
\o 
\o 
\o 
\o 
\o 
\o 
\o 
\o 
\o 
\o *Info*    Run start for Point ID (2 3) on testbench [
\o           damsicOurs_GBOTA_Transient_AC_TB_1 ].
\o 
\o Resetting statistical vars
\o 
\o *Info*    Setting parameter values ...
\o 
\o Setting var A = "14"
\o 
\o *Info*    Netlist Directory =
\o           /users/students/r0926826/simulation/damsicOurs/GBOTA_Transient_AC_TB/maestro/results/maestro/Interactive.0/3/damsicOurs_GBOTA_Transient_AC_TB_1/netlist
\o 
\o 
\o *Info*    Data Directory    =
\o           /users/students/r0926826/simulation/damsicOurs/GBOTA_Transient_AC_TB/maestro/results/maestro/Interactive.0/3/damsicOurs_GBOTA_Transient_AC_TB_1
\o 
\o 
\o *Info*    Creating Netlist for Point ID (2 3)
\o 
\o generate netlist...
\o Begin Incremental Netlisting Apr 22 13:49:52 2025
\o End netlisting Apr 22 13:49:52 2025
\o 
\o 	The netlist is up to date.
\o 	Time taken to compare the design with netlist:   0.0s
\o       ...successful.
\o compose simulator input file...
\o       ...successful.
\o 
\o *Info*    Running simulation on testbench [
\o           damsicOurs_GBOTA_Transient_AC_TB_1 ] for Point ID (2 3).
\o 
\o Delete psf data in /users/students/r0926826/simulation/damsicOurs/GBOTA_Transient_AC_TB/maestro/results/maestro/Interactive.0/3/damsicOurs_GBOTA_Transient_AC_TB_1/psf.
\o compose simulator input file...
\o       ...successful.
\o start simulator if needed...
\o       ...successful.
\o simulate...
\o To view the simulator output, right-click on the test name, result 
\o name, or any value in the "Results" tab of the Outputs section and 
\o choose "Output Log" menu option.
\o INFO (ADE-3071): Simulation completed successfully.
\o reading simulation data...
\o       ...successful.
\o *Info*    Client has finished evaluating ... 
\o 
\o 
\o *Info*    Run complete for Point ID (2 3) on testbench [
\o           damsicOurs_GBOTA_Transient_AC_TB_1 ].
\o 
\o 
\o 
\o 
\o 
\o 
\o 
\o 
\o 
\o 
\o *Info*    Run start for Point ID (2 4) on testbench [
\o           damsicOurs_GBOTA_Transient_AC_TB_1 ].
\o 
\o Resetting statistical vars
\o 
\o *Info*    Setting parameter values ...
\o 
\o Setting var A = "16"
\o 
\o *Info*    Netlist Directory =
\o           /users/students/r0926826/simulation/damsicOurs/GBOTA_Transient_AC_TB/maestro/results/maestro/Interactive.0/4/damsicOurs_GBOTA_Transient_AC_TB_1/netlist
\o 
\o 
\o *Info*    Data Directory    =
\o           /users/students/r0926826/simulation/damsicOurs/GBOTA_Transient_AC_TB/maestro/results/maestro/Interactive.0/4/damsicOurs_GBOTA_Transient_AC_TB_1
\o 
\o 
\o *Info*    Creating Netlist for Point ID (2 4)
\o 
\o generate netlist...
\o Begin Incremental Netlisting Apr 22 13:49:53 2025
\o End netlisting Apr 22 13:49:54 2025
\o 
\o 	The netlist is up to date.
\o 	Time taken to compare the design with netlist:   1.0s
\o       ...successful.
\o compose simulator input file...
\o       ...successful.
\o 
\o *Info*    Running simulation on testbench [
\o           damsicOurs_GBOTA_Transient_AC_TB_1 ] for Point ID (2 4).
\o 
\o Delete psf data in /users/students/r0926826/simulation/damsicOurs/GBOTA_Transient_AC_TB/maestro/results/maestro/Interactive.0/4/damsicOurs_GBOTA_Transient_AC_TB_1/psf.
\o compose simulator input file...
\o       ...successful.
\o start simulator if needed...
\o       ...successful.
\o simulate...
\o To view the simulator output, right-click on the test name, result 
\o name, or any value in the "Results" tab of the Outputs section and 
\o choose "Output Log" menu option.
\o INFO (ADE-3071): Simulation completed successfully.
\o reading simulation data...
\o       ...successful.
\o *Info*    Client has finished evaluating ... 
\o 
\o 
\o *Info*    Run complete for Point ID (2 4) on testbench [
\o           damsicOurs_GBOTA_Transient_AC_TB_1 ].
\o 
\o 
\o 
\o 
\o 
\o Simulation design variables differ from those on the cellView,
\o they have been saved in the file "/tmp/saved-design-variables".
\o To save future changes, copy variables to cellView before exiting.
\o 
\o 
\o *Info*    Configuring the session ...
\o 
\o 	Library      = damsicOurs
\o 	Cell         = GBOTA_Transient_AC_TB
\o 	View         = schematic
\o 	Simulator    = spectre
\o 	State Path   = $AXL_SETUPDB_DIR/test_states
\o 	State Name   = Interactive.0
\o 	Results DB   = /users/students/r0926826/kuleuven/6/DAMSIC/DAMSIC2025_work/damsicOurs/GBOTA_Transient_AC_TB/maestro/results/maestro/Interactive.0.rdb
\o 	Results Dir  = /users/students/r0926826/simulation/damsicOurs/GBOTA_Transient_AC_TB/maestro/results/maestro/Interactive.0/1/damsicOurs_GBOTA_Transient_AC_TB_1
\o 	Results Loc  = /users/students/r0926826/simulation/damsicOurs/GBOTA_Transient_AC_TB/maestro/results/maestro
\o 	Project Dir  = /users/students/r0926826/simulation
\o 	Setup DB loc = /users/students/r0926826/kuleuven/6/DAMSIC/DAMSIC2025_work/damsicOurs/GBOTA_Transient_AC_TB/maestro
\o 	File Encoding = 0
\o 
\o 
\o INFO (ADE-5024): Simulation will use spectre batch mode because the GCC version used by Spectre and Virtuoso are not compatible.
\o 
\o *Info*    The auto suspension is disabled.
\o 
\o *Info*    Run start for points ((3 1) (3 2) (3 3))
\o 
\o 
\o 
\o 
\o 
\o 
\o *Info*    Run start for Point ID (3 1) on testbench [
\o           damsicOurs_GBOTA_Transient_AC_TB_1 ].
\o 
\o Resetting statistical vars
\o 
\o *Info*    Setting parameter values ...
\o 
\o Setting var A = "11"
\o Setting var B = "2"
\o Setting var Cl = "2.5p"
\o Setting var FreqIn = "1k"
\o Setting var INCM = "0.35"
\o Setting var INDM = "0.05"
\o Setting var OUTCMREF = "0.55"
\o Setting var gm_GB = "10m"
\o Setting var nL = "5"
\o Setting var nL1 = "5"
\o Setting var nL7 = "5"
\o Setting var nl2 = "5"
\o Setting var nl3 = "3"
\o Setting var nnF4 = "30"
\o Setting var nnF5 = "140"
\o Setting var nnW3 = "20"
\o Setting var nnW5 = "20"
\o Setting var npF1 = "222"
\o Setting var npF2 = "222"
\o Setting var npF6 = "170"
\o Setting var npF7 = "17"
\o Setting var npW1 = "20"
\o Setting var npW2 = "20"
\o Setting var npW6 = "20"
\o Setting var npW7 = "20"
\o Setting var r_cmfb = "1k"
\o Setting var ro_GB = "1k"
\o Setting temp(T) = 27
\o Setting var vb1 = "0.55"
\o Setting var vb5 = "0.85"
\o Setting var vb6 = "0.1"
\o Setting var vb7 = "0.55"
\o Setting var vdd = "1.1"
\o 
\o *Info*    Netlist Directory =
\o           /users/students/r0926826/simulation/damsicOurs/GBOTA_Transient_AC_TB/maestro/results/maestro/Interactive.0/1/damsicOurs_GBOTA_Transient_AC_TB_1/netlist
\o 
\o 
\o *Info*    Data Directory    =
\o           /users/students/r0926826/simulation/damsicOurs/GBOTA_Transient_AC_TB/maestro/results/maestro/Interactive.0/1/damsicOurs_GBOTA_Transient_AC_TB_1
\o 
\o 
\o *Info*    Creating Netlist for Point ID (3 1)
\o 
\o generate netlist...
\o Begin Incremental Netlisting Apr 22 13:52:14 2025
\o Loading json.cxt 
\o End netlisting Apr 22 13:52:14 2025
\o 
\o Netlisting Statistics:
\o 	Number of components:   15
\o 
\o 	Elapsed time:          0.0s
\o Errors: 0	Warnings: 0
\o       ...successful.
\o compose simulator input file...
\o       ...successful.
\o 
\o *Info*    Running simulation on testbench [
\o           damsicOurs_GBOTA_Transient_AC_TB_1 ] for Point ID (3 1).
\o 
\o Delete psf data in /users/students/r0926826/simulation/damsicOurs/GBOTA_Transient_AC_TB/maestro/results/maestro/Interactive.0/1/damsicOurs_GBOTA_Transient_AC_TB_1/psf.
\o compose simulator input file...
\o       ...successful.
\o start simulator if needed...
\o       ...successful.
\o simulate...
\o To view the simulator output, right-click on the test name, result 
\o name, or any value in the "Results" tab of the Outputs section and 
\o choose "Output Log" menu option.
\o INFO (ADE-3071): Simulation completed successfully.
\o reading simulation data...
\o       ...successful.
\o *Info*    Client has finished evaluating ... 
\o 
\o 
\o *Info*    Run complete for Point ID (3 1) on testbench [
\o           damsicOurs_GBOTA_Transient_AC_TB_1 ].
\o 
\o 
\o 
\o 
\o 
\o 
\o 
\o 
\o 
\o 
\o *Info*    Run start for Point ID (3 2) on testbench [
\o           damsicOurs_GBOTA_Transient_AC_TB_1 ].
\o 
\o Resetting statistical vars
\o 
\o *Info*    Setting parameter values ...
\o 
\o Setting var A = "21"
\o 
\o *Info*    Netlist Directory =
\o           /users/students/r0926826/simulation/damsicOurs/GBOTA_Transient_AC_TB/maestro/results/maestro/Interactive.0/2/damsicOurs_GBOTA_Transient_AC_TB_1/netlist
\o 
\o 
\o *Info*    Data Directory    =
\o           /users/students/r0926826/simulation/damsicOurs/GBOTA_Transient_AC_TB/maestro/results/maestro/Interactive.0/2/damsicOurs_GBOTA_Transient_AC_TB_1
\o 
\o 
\o *Info*    Creating Netlist for Point ID (3 2)
\o 
\o generate netlist...
\o Begin Incremental Netlisting Apr 22 13:52:16 2025
\o End netlisting Apr 22 13:52:17 2025
\o 
\o 	The netlist is up to date.
\o 	Time taken to compare the design with netlist:   1.0s
\o       ...successful.
\o compose simulator input file...
\o       ...successful.
\o 
\o *Info*    Running simulation on testbench [
\o           damsicOurs_GBOTA_Transient_AC_TB_1 ] for Point ID (3 2).
\o 
\o Delete psf data in /users/students/r0926826/simulation/damsicOurs/GBOTA_Transient_AC_TB/maestro/results/maestro/Interactive.0/2/damsicOurs_GBOTA_Transient_AC_TB_1/psf.
\o compose simulator input file...
\o       ...successful.
\o start simulator if needed...
\o       ...successful.
\o simulate...
\o To view the simulator output, right-click on the test name, result 
\o name, or any value in the "Results" tab of the Outputs section and 
\o choose "Output Log" menu option.
\o INFO (ADE-3071): Simulation completed successfully.
\o reading simulation data...
\o       ...successful.
\o *Info*    Client has finished evaluating ... 
\o 
\o 
\o *Info*    Run complete for Point ID (3 2) on testbench [
\o           damsicOurs_GBOTA_Transient_AC_TB_1 ].
\o 
\o 
\o 
\o 
\o 
\o 
\o 
\o 
\o 
\o 
\o *Info*    Run start for Point ID (3 3) on testbench [
\o           damsicOurs_GBOTA_Transient_AC_TB_1 ].
\o 
\o Resetting statistical vars
\o 
\o *Info*    Setting parameter values ...
\o 
\o Setting var A = "31"
\o 
\o *Info*    Netlist Directory =
\o           /users/students/r0926826/simulation/damsicOurs/GBOTA_Transient_AC_TB/maestro/results/maestro/Interactive.0/3/damsicOurs_GBOTA_Transient_AC_TB_1/netlist
\o 
\o 
\o *Info*    Data Directory    =
\o           /users/students/r0926826/simulation/damsicOurs/GBOTA_Transient_AC_TB/maestro/results/maestro/Interactive.0/3/damsicOurs_GBOTA_Transient_AC_TB_1
\o 
\o 
\o *Info*    Creating Netlist for Point ID (3 3)
\o 
\o generate netlist...
\o Begin Incremental Netlisting Apr 22 13:52:18 2025
\o End netlisting Apr 22 13:52:18 2025
\o 
\o 	The netlist is up to date.
\o 	Time taken to compare the design with netlist:   0.0s
\o       ...successful.
\o compose simulator input file...
\o       ...successful.
\o 
\o *Info*    Running simulation on testbench [
\o           damsicOurs_GBOTA_Transient_AC_TB_1 ] for Point ID (3 3).
\o 
\o Delete psf data in /users/students/r0926826/simulation/damsicOurs/GBOTA_Transient_AC_TB/maestro/results/maestro/Interactive.0/3/damsicOurs_GBOTA_Transient_AC_TB_1/psf.
\o compose simulator input file...
\o       ...successful.
\o start simulator if needed...
\o       ...successful.
\o simulate...
\o To view the simulator output, right-click on the test name, result 
\o name, or any value in the "Results" tab of the Outputs section and 
\o choose "Output Log" menu option.
\o INFO (ADE-3071): Simulation completed successfully.
\o reading simulation data...
\o       ...successful.
\o *Info*    Client has finished evaluating ... 
\o 
\o 
\o *Info*    Run complete for Point ID (3 3) on testbench [
\o           damsicOurs_GBOTA_Transient_AC_TB_1 ].
\o 
\o 
\o 
\o 
\o 
\o Job 20 timed out after no activity in 300 seconds.
\o Simulation design variables differ from those on the cellView,
\o they have been saved in the file "/tmp/saved-design-variables".
\o To save future changes, copy variables to cellView before exiting.
\# Lic Summary:
\# [13:57:21.195688] Cdslmd servers:27002@license-extern.esat.kuleuven.be:/esat/micas-data/software/Cadence/ic_6.1.8.310/share/license/license.dat
\# [13:57:21.195713] Feature usage summary:
\# Memory report: on exit            443 MB, process size 2,109 MB at UTC 2025.04.22 11:57:21.195
\# Memory report: peak usage         443 MB, process size 2,109 MB
