*Info*    Exporting services from client ... 

*Info*    Client has finished starting ... 



*Info*    Configuring the session ...

	Library      = DAMSIC
	Cell         = demo_SCAmplifier_STB_TB
	View         = schematic
	Simulator    = spectre
	State Path   = $AXL_SETUPDB_DIR/test_states
	State Name   = Interactive.0
	Results DB   = /users/students/r0926826/kuleuven/6/DAMSIC/DAMSIC2025_work/DAMSIC/demo_SCAmplifier_STB_TB/maestro/results/maestro/Interactive.0.rdb
	Results Dir  = /users/students/r0926826/simulation/DAMSIC/demo_SCAmplifier_STB_TB/maestro/results/maestro/Interactive.0/1/STB
	Results Loc  = /users/students/r0926826/simulation/DAMSIC/demo_SCAmplifier_STB_TB/maestro/results/maestro
	Project Dir  = /users/students/r0926826/simulation
	Setup DB loc = /users/students/r0926826/kuleuven/6/DAMSIC/DAMSIC2025_work/DAMSIC/demo_SCAmplifier_STB_TB/maestro
	File Encoding = 0


INFO (EXPLORER-5024): Simulation will use spectre batch mode because the GCC version used by Spectre and Virtuoso are not compatible.

*Info*    The auto suspension is disabled.

Loading monte.cxt 





*Info*    Run start for Point ID (0 1) on testbench [ STB ].

Resetting statistical vars

*Info*    Setting parameter values ...

Setting var CP2 = "159.235668789809e-12"
Setting var C_OTA = "1p"
Setting var Cfb = "0.2p"
Setting var Cin = "2p"
Setting var Cl = "2p"
Setting var F_CLK = "1M"
Setting var F_POLE2 = "1G"
Setting var INCM = "0.5"
Setting var OUTCMRef = "0.5"
Setting var gm_OTA = "25m"
Setting var ro_OTA = "2.5M"
Setting var ron = "5"
Setting temp(T) = 27
Setting var vdd = "1.1"

*Info*    Netlist Directory =
          /users/students/r0926826/simulation/DAMSIC/demo_SCAmplifier_STB_TB/maestro/results/maestro/Interactive.0/1/STB/netlist


*Info*    Data Directory    =
          /users/students/r0926826/simulation/DAMSIC/demo_SCAmplifier_STB_TB/maestro/results/maestro/Interactive.0/1/STB


*Info*    Creating Netlist for Point ID (0 1)

generate netlist...
Loading hnlInit.cxt 
Loading seCore.cxt 
Begin Incremental Netlisting Feb 28 08:18:45 2025
WARNING (OSSHNL-226): There are more design variables used in the current netlisting session as
compared to the last session in the current run directory. The netlist(s)
generated in the last netlisting session cannot be reused for incremental
netlisting. Therefore re-netlisting the design.

Loading json.cxt 
End netlisting Feb 28 08:18:45 2025

Netlisting Statistics:
	Number of components:   49

	Elapsed time:          0.0s
Errors: 0	Warnings: 0
      ...successful.
compose simulator input file...
      ...successful.

*Info*    Running simulation on testbench [ STB ] for Point ID (0 1).

Delete psf data in /users/students/r0926826/simulation/DAMSIC/demo_SCAmplifier_STB_TB/maestro/results/maestro/Interactive.0/1/STB/psf.
compose simulator input file...
      ...successful.
start simulator if needed...
      ...successful.
simulate...
To view the simulator output, right-click on the test name, result 
name, or any value in the "Results" tab of the Outputs section and 
choose "Output Log" menu option.
Loading paraplot.cxt 
INFO (ADE-3071): Simulation completed successfully.
reading simulation data...
      ...successful.
*Info*    Client has finished evaluating ... 


*Info*    Run complete for Point ID (0 1) on testbench [ STB ].





Simulation design variables differ from those on the cellView,
they have been saved in the file "/tmp/saved-design-variables".
To save future changes, copy variables to cellView before exiting.
