*Info*    Exporting services from client ... 

*Info*    Client has finished starting ... 



*Info*    Configuring the session ...

	Library      = DAMSIC
	Cell         = SCAmplifier_Transient_TB
	View         = schematic
	Simulator    = spectre
	State Path   = $AXL_SETUPDB_DIR/test_states
	State Name   = Interactive.0
	Results DB   = /users/students/r0926826/kuleuven/6/DAMSIC/DAMSIC2025_work/DAMSIC/SCAmplifier_Transient_TB/maestro/results/maestro/Interactive.0.rdb
	Results Dir  = /users/students/r0926826/simulation/DAMSIC/SCAmplifier_Transient_TB/maestro/results/maestro/Interactive.0/1/DAMSIC_SwitchedCapacitorAmplifier_TransientTestBench_1
	Results Loc  = /users/students/r0926826/simulation/DAMSIC/SCAmplifier_Transient_TB/maestro/results/maestro
	Project Dir  = /users/students/r0926826/simulation
	Setup DB loc = /users/students/r0926826/kuleuven/6/DAMSIC/DAMSIC2025_work/DAMSIC/SCAmplifier_Transient_TB/maestro
	File Encoding = 0


INFO (EXPLORER-5024): Simulation will use spectre batch mode because the GCC version used by Spectre and Virtuoso are not compatible.

*Info*    The auto suspension is disabled.






*Info*    Run start for Point ID (12 1) on testbench [
          DAMSIC_SwitchedCapacitorAmplifier_TransientTestBench_1 ].

Resetting statistical vars

*Info*    Setting parameter values ...

Setting var C_OTA = "0.5p"
Setting var Cfb = "0.5p"
Setting var Cin = "5p"
Setting var Cl = "2.5p"
Setting var INCM = "0.5"
Setting var OUTCMRef = "0.5"
Setting var RSW_OFF = "100G"
Setting var RSW_ON = "1"
Setting var VSW_TH = "0.55"
Setting var Vin = "100m"
Setting var alpha = "0.01"
Setting var fin = "40M"
Setting var fsw = "80000"
Setting var gm_OTA = "11.4m"
Setting var ro_OTA = "1.11M"
Setting temp(T) = 27
Setting var vdd = "1.1"

*Info*    Netlist Directory =
          /users/students/r0926826/simulation/DAMSIC/SCAmplifier_Transient_TB/maestro/results/maestro/Interactive.0/1/DAMSIC_SwitchedCapacitorAmplifier_TransientTestBench_1/netlist


*Info*    Data Directory    =
          /users/students/r0926826/simulation/DAMSIC/SCAmplifier_Transient_TB/maestro/results/maestro/Interactive.0/1/DAMSIC_SwitchedCapacitorAmplifier_TransientTestBench_1


*Info*    Creating Netlist for Point ID (12 1)

generate netlist...
Begin Incremental Netlisting Mar 11 11:54:01 2025
End netlisting Mar 11 11:54:01 2025

Netlisting Statistics:
	Number of components:   27

	Elapsed time:          0.0s
Errors: 0	Warnings: 0
      ...successful.
compose simulator input file...
      ...successful.

*Info*    Running simulation on testbench [
          DAMSIC_SwitchedCapacitorAmplifier_TransientTestBench_1 ]
          for Point ID (12 1).

Delete psf data in /users/students/r0926826/simulation/DAMSIC/SCAmplifier_Transient_TB/maestro/results/maestro/Interactive.0/1/DAMSIC_SwitchedCapacitorAmplifier_TransientTestBench_1/psf.
compose simulator input file...
      ...successful.
start simulator if needed...
      ...successful.
simulate...
To view the simulator output, right-click on the test name, result 
name, or any value in the "Results" tab of the Outputs section and 
choose "Output Log" menu option.
INFO (ADE-3071): Simulation completed successfully.
reading simulation data...
      ...successful.
*Info*    Client has finished evaluating ... 


*Info*    Run complete for Point ID (12 1) on testbench [
          DAMSIC_SwitchedCapacitorAmplifier_TransientTestBench_1 ].





Simulation design variables differ from those on the cellView,
they have been saved in the file "/tmp/saved-design-variables".
To save future changes, copy variables to cellView before exiting.
