\# Program start time:     UTC 2025.04.26 17:45:02.723
\# Local time: CEST (UTC+02:00) 2025.04.26 19:45:02.723
\o Program:		@(#)$CDS: virtuoso version 6.1.8-64b 03/14/2023 19:53 (cpgsrv12) $
\o Hierarchy:		/esat/micas-data/software/Cadence/ic_6.1.8.310/tools.lnx86/dfII/
\o Sub version:		sub-version  IC6.1.8-64b.500.31  (64-bit addresses)
\# Command line:	/esat/micas-data/software/Cadence/ic_6.1.8.310/tools.lnx86/dfII/bin/64bit/virtuoso -noautostart -mpssession virtuoso3931 -mpshost pc-klas2-13.esat.kuleuven.be -davinciService DaVinciService_3931_1745670856 -log /users/students/r0926826/kuleuven/6/DAMSIC/DAMSIC2025_work/logs_r0926826/logs17/Job255.log -licenseLockFileName /users/students/r0926826/kuleuven/6/DAMSIC/DAMSIC2025_work/.tmp_r0926826/.pc-klas2-13.esat.kuleuven.be_3931 -interactiveA -interactiveE -interactiveRTT -nostdin -nographE -axlChildIdFlag 255
\# Host name (type):	pc-klas2-13.esat.kuleuven.be (x86_64)
\# Operating system:	Linux 5.14.0-503.38.1.el9_5.x86_64 #1 SMP PREEMPT_DYNAMIC Wed Apr 16 16:38:39 UTC 2025
\# Linux /etc/issue:	\S
\# Linux /etc/issue:	Kernel \r on an \m
\# X display name (WxH):	:7645 (1024x868)
\# Available geometry:			TL(0:0) BR(1023:867)
\# X server:			The X.Org Foundation
\# Depth of Visual (Root):	24 (24)
\# Number of Planes Used:	24
\# X version:		11.0 (vendor release 12011000)
\# X resource pool:	base 0x400000, mask 0x1fffff (2097151), shift 0
\# 			current id 0x0, current max 0x1ffffa (2097146)
\# Max data seg size:	     unlimited
\# Max process size:	     unlimited
\# Initial sbrk value:	        621 MB
\# Available memory:	     41,073 MB
\# System memory:	     48,245 MB
\# Maximum memory size:	     47,743 MB
\# Max mem available:	     41,192 MB
\# Initial memory used:	        119 MB
\#        process size:	      1,539 MB
\# Thread usage limits (effective/default):	maxthreads 5166/5166 maxload 12.00/12.00
\# Qt version:		5.9.1
\# Window Manager:	other
\# User Name:		r0926826
\o Working Directory:	pc-klas2-13.esat.kuleuven.be:/users/students/r0926826/kuleuven/6/DAMSIC/DAMSIC2025_work
\# Process Id:		578645
\o 
\o COPYRIGHT (C) 1992-2023  CADENCE DESIGN SYSTEMS INC.  ALL RIGHTS RESERVED.
\o           (C) 1992-2023  UNIX SYSTEMS Laboratories INC.,
\o                          Reproduced with permission.
\o 
\o This Cadence Design Systems program and online documentation are
\o proprietary/confidential information and may be disclosed/used only
\o as authorized in a license agreement controlling such use and disclosure.
\o 
\o           RESTRICTED RIGHTS NOTICE (SHORT FORM)
\o Use/reproduction/disclosure is subject to restriction
\o set forth at FAR 1252.227-19 or its equivalent.
\o Loading geView.cxt 
\o Loading menuBuilder.cxt 
\o Loading schView.cxt 
\o Loading selectSv.cxt 
\o Loading wireEdit.cxt 
\o Loading pte2.cxt 
\o Loading xlUI.cxt 
\o Loading auCore.cxt 
\o Loading vhdl.cxt 
\o Loading seismic.cxt 
\o Loading ci.cxt 
\o Loading ams.cxt 
\o Loading oasis.cxt 
\o Loading analog.cxt 
\o Loading asimenv.cxt 
\o Loading dal.cxt 
\o Loading awv.cxt 
\o Loading socket.cxt 
\o Loading par.cxt 
\o Loading alvs.cxt 
\o Loading caa.cxt 
\o Loading amps.cxt 
\o Loading adexlCore.cxt 
\o Loading adexl.cxt 
\o *Info*    Exporting services from client ... 
\o 
\o Loading adexlDM.cxt 
\o Loading cpf.cxt 
\o Loading cli.cxt 
\o Loading lp.cxt 
\# Memory report: using         254 MB, process size 1,798 MB at UTC 2025.04.26 17:45:05.080
\o INFO (ELI-00302) Connecting to parent process (session=virtuoso3931, host=pc-klas2-13.esat.kuleuven.be). Connection mode is ICRP. Total timeout is 180 seconds. Connection timeout is 90 seconds.
\o INFO (ELI-00303) Step 1: Connecting to parent. Time spent is 0 seconds.
\o INFO (ELI-00304) The registration of the child 578645 within 90 seconds is being processed...
\o INFO (ELI-00305) The result of registration is true. Time spent is 0 seconds.
\o INFO (ELI-00308) The connection has ended. Result is true. Total time spent is 0 seconds.
\# [19:45:02.458666] Configured Lic search path (22.01-s002): 27002@license-extern.esat.kuleuven.be:/esat/micas-data/software/Cadence/ic_6.1.8.310/share/license/license.dat
\w *WARNING* '/users/students/r0926826/kuleuven/6/DAMSIC/DAMSIC2025_work/cds.lib', Line 9: Skipping: 'DAMSI_ours'
\o  /users/students/r0926826/kuleuven/6/DAMSIC/DAMSIC2025_work/DAMSI_ours
\w *WARNING* The directory: '/users/students/r0926826/kuleuven/6/DAMSIC/DAMSIC2025_work/SESSION_1_EXCERCISEDEFINE' does not exist
\w 	but was defined in libFile '/users/students/r0926826/kuleuven/6/DAMSIC/DAMSIC2025_work/cds.lib' for Lib 'SESSION_1_EXCERCISE'.
\o *Info*    Client has finished starting ... 
\o 
\o Loading vdsil.cxt 
\p > 
\# Loading perfDiag...
\# (PerfDiag): Set GDB path to environment variable 'gdbPath' (gdb).
\w *WARNING* (PerfDiag): The GDB command 'gdb' is not found or is invalid.
\# Performance Diagnostic tool is installed. You can access PerfDiag from CIW Tools or use the shell command 'cdsPerfDiag -p 578645' to open it when Virtuoso freezes.
\# (PerfDiag): Use backtrace from GLIBC.
\w *WARNING* (PerfDiag): The GDB-related functionality has been disabled. Use the 'gdbPath' environment variable to set a valid GDB path or set one of the SHELL environment variables CDS_DEBUGGER, DEBUGGER, or GDB, and restart Virtuoso.
\o Loading vqp.cxt 
\o Loading hdlPkg.cxt 
\o 
\o 
\o *Info*    Configuring the session ...
\o 
\o Loading simui.cxt 
\o 	Library      = damsicOurs
\o 	Cell         = FCOTA_Transient_AC_TB
\o 	View         = schematic
\o 	Simulator    = spectre
\o 	State Path   = $AXL_SETUPDB_DIR/test_states
\o 	State Name   = Interactive.0
\o 	Results DB   = /users/students/r0926826/kuleuven/6/DAMSIC/DAMSIC2025_work/damsicOurs/FCOTA_Transient_AC_TB/maestro/results/maestro/Interactive.0.rdb
\o 	Results Dir  = /users/students/r0926826/simulation/damsicOurs/FCOTA_Transient_AC_TB/maestro/results/maestro/Interactive.0/1/damsicOurs_FCOTA_Transient_AC_TB_1
\o 	Results Loc  = /users/students/r0926826/simulation/damsicOurs/FCOTA_Transient_AC_TB/maestro/results/maestro
\o 	Project Dir  = /users/students/r0926826/simulation
\o 	Setup DB loc = /users/students/r0926826/kuleuven/6/DAMSIC/DAMSIC2025_work/damsicOurs/FCOTA_Transient_AC_TB/maestro
\o 	File Encoding = 0
\o 
\o 
\o Loading viva.cxt 
\w *WARNING* '/users/students/r0926826/kuleuven/6/DAMSIC/DAMSIC2025_work/cds.lib', Line 9: Skipping: 'DAMSI_ours'
\o  /users/students/r0926826/kuleuven/6/DAMSIC/DAMSIC2025_work/DAMSI_ours
\w *WARNING* The directory: '/users/students/r0926826/kuleuven/6/DAMSIC/DAMSIC2025_work/SESSION_1_EXCERCISEDEFINE' does not exist
\w 	but was defined in libFile '/users/students/r0926826/kuleuven/6/DAMSIC/DAMSIC2025_work/cds.lib' for Lib 'SESSION_1_EXCERCISE'.
\o Loading gpdk045/libInit.il ...
\o 	Loading gpdk045/loadCxt.ile ... done!
\o 	Loading context 'gpdk045' from library 'gpdk045' ... done!
\o 	Loading context 'pdkUtils' from library 'gpdk045' ... done!
\e 	Loading gpdk045/gpdk045_customFilter.il ... *Error* eval: unbound variable - axlRegisterCustomDeviceFilter
\o failed!
\o 	Loading gpdk045/libInitCustomExit.il ... 
\o 	Loading Environment Settings ...
\o 	Loading Model Management File ...
\o Loading spectrei.cxt 
\o Loading devCheck.cxt 
\o Loading relXpert.cxt 
\o Loading hspiceD.cxt 
\# Memory report: using         356 MB, process size 1,907 MB at UTC 2025.04.26 17:45:07.028
\o Loading spectreinl.cxt 
\o Loading UltraSim.cxt 
\o Loading msgHandler.cxt 
\o Loading AMSOSS.cxt 
\o Loading AMS.cxt 
\o 	Loading gpdk045/gpdk045_PDKRegistrations.il ... done!
\o 
\o   *************************************************************           
\o   *              Cadence Design Systems, Inc.                 *           
\o   *                                                           *           
\o   *                    Generic 45nm PDK                       *           
\o   *                        (gpdk045)                          *           
\o   *                                                           *           
\o   *************************************************************           
\o 	
\o 
\o 	VERSION: 4.0 (17-June-2014)
\o 
\o done!
\o Failed to load gpdk045/libInit.il successfully!INFO (ADE-5024): Simulation will use spectre batch mode because the GCC version used by Spectre and Virtuoso are not compatible.
\o 
\o *Info*    The auto suspension is disabled.
\o 
\o Loading monte.cxt 
\o *Info*    Run start for points ((90 1) (90 2) (90 3) (90 4))
\o 
\o 
\o 
\o 
\o 
\o 
\o *Info*    Run start for Point ID (90 1) on testbench [
\o           damsicOurs_FCOTA_Transient_AC_TB_1 ].
\o 
\o Resetting statistical vars
\o 
\o *Info*    Setting parameter values ...
\o 
\o Setting var A = "1"
\o Setting var Cl = "2.5p"
\o Setting var FreqIn = "1k"
\o Setting var INCM = "0.28"
\o Setting var INDM = "0.05"
\o Setting var OUTCMREF = "0.85"
\o Setting var nL = "6"
\o Setting var nL1 = "6"
\o Setting var nL7 = "6"
\o Setting var nl2 = "6"
\o Setting var nl3 = "3"
\o Setting var nnF3 = "33"
\o Setting var nnF5 = "144"
\o Setting var nnW3 = "20"
\o Setting var nnW5 = "20"
\o Setting var npF1 = "93"
\o Setting var npF2 = "170"
\o Setting var npF6 = "214"
\o Setting var npF7 = "214"
\o Setting var npW1 = "20"
\o Setting var npW2 = "20"
\o Setting var npW6 = "20"
\o Setting var npW7 = "20"
\o Setting var r_cmfb = "200"
\o Setting temp(T) = 27
\o Setting var vb1 = "0.52"
\o Setting var vb3 = "0.67"
\o Setting var vb5 = "0.99"
\o Setting var vb6 = "0.44"
\o Setting var vb7 = "0.54"
\o Setting var vdd = "1.1"
\o 
\o *Info*    Netlist Directory =
\o           /users/students/r0926826/simulation/damsicOurs/FCOTA_Transient_AC_TB/maestro/results/maestro/Interactive.0/1/damsicOurs_FCOTA_Transient_AC_TB_1/netlist
\o 
\o 
\o *Info*    Data Directory    =
\o           /users/students/r0926826/simulation/damsicOurs/FCOTA_Transient_AC_TB/maestro/results/maestro/Interactive.0/1/damsicOurs_FCOTA_Transient_AC_TB_1
\o 
\o 
\o *Info*    Creating Netlist for Point ID (90 1)
\o 
\o generate netlist...
\o Loading hnlInit.cxt 
\o Loading seCore.cxt 
\# [19:45:08.156537] Periodic Lic check successful
\# [19:45:08.156538] Feature usage summary:
\o Begin Incremental Netlisting Apr 26 19:45:08 2025
\o End netlisting Apr 26 19:45:08 2025
\o 
\o 	The netlist is up to date.
\o 	Time taken to compare the design with netlist:   0.0s
\o       ...successful.
\o compose simulator input file...
\o       ...successful.
\o 
\o *Info*    Running simulation on testbench [
\o           damsicOurs_FCOTA_Transient_AC_TB_1 ] for Point ID (90 1).
\o 
\o Delete psf data in /users/students/r0926826/simulation/damsicOurs/FCOTA_Transient_AC_TB/maestro/results/maestro/Interactive.0/1/damsicOurs_FCOTA_Transient_AC_TB_1/psf.
\o compose simulator input file...
\o       ...successful.
\o start simulator if needed...
\o       ...successful.
\o simulate...
\o To view the simulator output, right-click on the test name, result 
\o name, or any value in the "Results" tab of the Outputs section and 
\o choose "Output Log" menu option.
\o Loading paraplot.cxt 
\o INFO (ADE-3071): Simulation completed successfully.
\o reading simulation data...
\o       ...successful.
\o *Info*    Client has finished evaluating ... 
\o 
\o 
\o *Info*    Run complete for Point ID (90 1) on testbench [
\o           damsicOurs_FCOTA_Transient_AC_TB_1 ].
\o 
\o 
\o 
\o 
\o 
\o 
\o 
\o 
\o 
\o 
\o *Info*    Run start for Point ID (90 2) on testbench [
\o           damsicOurs_FCOTA_Transient_AC_TB_1 ].
\o 
\o Resetting statistical vars
\o 
\o *Info*    Setting parameter values ...
\o 
\o Setting var vb6 = "0.46"
\o 
\o *Info*    Netlist Directory =
\o           /users/students/r0926826/simulation/damsicOurs/FCOTA_Transient_AC_TB/maestro/results/maestro/Interactive.0/2/damsicOurs_FCOTA_Transient_AC_TB_1/netlist
\o 
\o 
\o *Info*    Data Directory    =
\o           /users/students/r0926826/simulation/damsicOurs/FCOTA_Transient_AC_TB/maestro/results/maestro/Interactive.0/2/damsicOurs_FCOTA_Transient_AC_TB_1
\o 
\o 
\o *Info*    Creating Netlist for Point ID (90 2)
\o 
\o generate netlist...
\o Begin Incremental Netlisting Apr 26 19:45:10 2025
\o End netlisting Apr 26 19:45:10 2025
\o 
\o 	The netlist is up to date.
\o 	Time taken to compare the design with netlist:   0.0s
\o       ...successful.
\o compose simulator input file...
\o       ...successful.
\o 
\o *Info*    Running simulation on testbench [
\o           damsicOurs_FCOTA_Transient_AC_TB_1 ] for Point ID (90 2).
\o 
\o Delete psf data in /users/students/r0926826/simulation/damsicOurs/FCOTA_Transient_AC_TB/maestro/results/maestro/Interactive.0/2/damsicOurs_FCOTA_Transient_AC_TB_1/psf.
\o compose simulator input file...
\o       ...successful.
\o start simulator if needed...
\o       ...successful.
\o simulate...
\o To view the simulator output, right-click on the test name, result 
\o name, or any value in the "Results" tab of the Outputs section and 
\o choose "Output Log" menu option.
\o INFO (ADE-3071): Simulation completed successfully.
\o reading simulation data...
\o       ...successful.
\o *Info*    Client has finished evaluating ... 
\o 
\o 
\o *Info*    Run complete for Point ID (90 2) on testbench [
\o           damsicOurs_FCOTA_Transient_AC_TB_1 ].
\o 
\o 
\o 
\o 
\o 
\o 
\o 
\o 
\o 
\o 
\o *Info*    Run start for Point ID (90 3) on testbench [
\o           damsicOurs_FCOTA_Transient_AC_TB_1 ].
\o 
\o Resetting statistical vars
\o 
\o *Info*    Setting parameter values ...
\o 
\o Setting var vb6 = "0.48"
\o 
\o *Info*    Netlist Directory =
\o           /users/students/r0926826/simulation/damsicOurs/FCOTA_Transient_AC_TB/maestro/results/maestro/Interactive.0/3/damsicOurs_FCOTA_Transient_AC_TB_1/netlist
\o 
\o 
\o *Info*    Data Directory    =
\o           /users/students/r0926826/simulation/damsicOurs/FCOTA_Transient_AC_TB/maestro/results/maestro/Interactive.0/3/damsicOurs_FCOTA_Transient_AC_TB_1
\o 
\o 
\o *Info*    Creating Netlist for Point ID (90 3)
\o 
\o generate netlist...
\o Begin Incremental Netlisting Apr 26 19:45:11 2025
\o End netlisting Apr 26 19:45:11 2025
\o 
\o 	The netlist is up to date.
\o 	Time taken to compare the design with netlist:   0.0s
\o       ...successful.
\o compose simulator input file...
\o       ...successful.
\o 
\o *Info*    Running simulation on testbench [
\o           damsicOurs_FCOTA_Transient_AC_TB_1 ] for Point ID (90 3).
\o 
\o Delete psf data in /users/students/r0926826/simulation/damsicOurs/FCOTA_Transient_AC_TB/maestro/results/maestro/Interactive.0/3/damsicOurs_FCOTA_Transient_AC_TB_1/psf.
\o compose simulator input file...
\o       ...successful.
\o start simulator if needed...
\o       ...successful.
\o simulate...
\o To view the simulator output, right-click on the test name, result 
\o name, or any value in the "Results" tab of the Outputs section and 
\o choose "Output Log" menu option.
\o INFO (ADE-3071): Simulation completed successfully.
\o reading simulation data...
\o       ...successful.
\o *Info*    Client has finished evaluating ... 
\o 
\o 
\o *Info*    Run complete for Point ID (90 3) on testbench [
\o           damsicOurs_FCOTA_Transient_AC_TB_1 ].
\o 
\o 
\o 
\o 
\o 
\o 
\o 
\o 
\o 
\o 
\o *Info*    Run start for Point ID (90 4) on testbench [
\o           damsicOurs_FCOTA_Transient_AC_TB_1 ].
\o 
\o Resetting statistical vars
\o 
\o *Info*    Setting parameter values ...
\o 
\o Setting var vb6 = "0.5"
\o 
\o *Info*    Netlist Directory =
\o           /users/students/r0926826/simulation/damsicOurs/FCOTA_Transient_AC_TB/maestro/results/maestro/Interactive.0/4/damsicOurs_FCOTA_Transient_AC_TB_1/netlist
\o 
\o 
\o *Info*    Data Directory    =
\o           /users/students/r0926826/simulation/damsicOurs/FCOTA_Transient_AC_TB/maestro/results/maestro/Interactive.0/4/damsicOurs_FCOTA_Transient_AC_TB_1
\o 
\o 
\o *Info*    Creating Netlist for Point ID (90 4)
\o 
\o generate netlist...
\# Available memory:         40,795 MB at UTC 2025.04.26 17:45:13.035
\# Memory report: Maximum memory size now 41,230 MB at UTC 2025.04.26 17:45:13.035
\# Thread usage report: 18 active threads, active load 1.40 at UTC 2025.04.26 17:45:13.035
\o Begin Incremental Netlisting Apr 26 19:45:13 2025
\o End netlisting Apr 26 19:45:13 2025
\o 
\o 	The netlist is up to date.
\o 	Time taken to compare the design with netlist:   0.0s
\o       ...successful.
\o compose simulator input file...
\o       ...successful.
\o 
\o *Info*    Running simulation on testbench [
\o           damsicOurs_FCOTA_Transient_AC_TB_1 ] for Point ID (90 4).
\o 
\o Delete psf data in /users/students/r0926826/simulation/damsicOurs/FCOTA_Transient_AC_TB/maestro/results/maestro/Interactive.0/4/damsicOurs_FCOTA_Transient_AC_TB_1/psf.
\o compose simulator input file...
\o       ...successful.
\o start simulator if needed...
\o       ...successful.
\o simulate...
\o To view the simulator output, right-click on the test name, result 
\o name, or any value in the "Results" tab of the Outputs section and 
\o choose "Output Log" menu option.
\o INFO (ADE-3071): Simulation completed successfully.
\o reading simulation data...
\o       ...successful.
\o *Info*    Client has finished evaluating ... 
\o 
\o 
\o *Info*    Run complete for Point ID (90 4) on testbench [
\o           damsicOurs_FCOTA_Transient_AC_TB_1 ].
\o 
\o 
\o 
\o 
\o 
\o Job 255 timed out after no activity in 300 seconds.
\o Simulation design variables differ from those on the cellView,
\o they have been saved in the file "/tmp/saved-design-variables".
\o To save future changes, copy variables to cellView before exiting.
\o 
\o *Info*    Received signal SIGTERM.
\o 
\o 
