*Info*    Exporting services from client ... 

*Info*    Client has finished starting ... 



*Info*    Configuring the session ...

	Library      = damsicOurs
	Cell         = SOTA_SCAmplifier_Transient_TB_MinMax
	View         = schematic
	Simulator    = spectre
	State Path   = $AXL_SETUPDB_DIR/test_states
	State Name   = Interactive.0
	Results DB   = /users/students/r0926826/kuleuven/6/DAMSIC/DAMSIC2025_work/damsicOurs/SOTA_SCAmplifier_Transient_TB_MinMax/maestro/results/maestro/Interactive.0.rdb
	Results Dir  = /users/students/r0926826/simulation/damsicOurs/SOTA_SCAmplifier_Transient_TB_MinMax/maestro/results/maestro/Interactive.0/1/damsicOurs_SOTA_SCAmplifier_Transient_TB_MinMax_1
	Results Loc  = /users/students/r0926826/simulation/damsicOurs/SOTA_SCAmplifier_Transient_TB_MinMax/maestro/results/maestro
	Project Dir  = /users/students/r0926826/simulation
	Setup DB loc = /users/students/r0926826/kuleuven/6/DAMSIC/DAMSIC2025_work/damsicOurs/SOTA_SCAmplifier_Transient_TB_MinMax/maestro
	File Encoding = 0


INFO (EXPLORER-5024): Simulation will use spectre batch mode because the GCC version used by Spectre and Virtuoso are not compatible.

*Info*    The auto suspension is disabled.






*Info*    Run start for Point ID (0 1) on testbench [
          damsicOurs_SOTA_SCAmplifier_Transient_TB_MinMax_1 ].

Resetting statistical vars

*Info*    Setting parameter values ...

Setting var A = "2"
Setting var B = "2"
Setting var Cfb = "0.5p"
Setting var Cin = "5p"
Setting var Cl = "2.5p"
Setting var INCM = "0.55"
Setting var OUTCMRef = "0.55"
Setting var RSW_OFF = "100M"
Setting var RSW_ON = "10"
Setting var VSW_TH = "0.55"
Setting var Vmax = "50m"
Setting var Vmin = "25m"
Setting var alpha = "0.01"
Setting var fsw = "80M"
Setting var nL = "5"
Setting var nL1 = "5"
Setting var nL7 = "5"
Setting var nl2 = "5"
Setting var nl3 = "3"
Setting var nnF4 = "40"
Setting var nnF5 = "150"
Setting var nnW3 = "20"
Setting var nnW5 = "20"
Setting var npF1 = "181"
Setting var npF2 = "150"
Setting var npF6 = "200"
Setting var npF7 = "170"
Setting var npW1 = "20"
Setting var npW2 = "20"
Setting var npW6 = "20"
Setting var npW7 = "20"
Setting temp(T) = 27
Setting var vb1 = "0.58"
Setting var vb5 = "0.84"
Setting var vb6 = "0.29"
Setting var vb7 = "0.59"
Setting var vdd = "1.1"

*Info*    Netlist Directory =
          /users/students/r0926826/simulation/damsicOurs/SOTA_SCAmplifier_Transient_TB_MinMax/maestro/results/maestro/Interactive.0/1/damsicOurs_SOTA_SCAmplifier_Transient_TB_MinMax_1/netlist


*Info*    Data Directory    =
          /users/students/r0926826/simulation/damsicOurs/SOTA_SCAmplifier_Transient_TB_MinMax/maestro/results/maestro/Interactive.0/1/damsicOurs_SOTA_SCAmplifier_Transient_TB_MinMax_1


*Info*    Creating Netlist for Point ID (0 1)

generate netlist...
Begin Incremental Netlisting May  2 01:14:22 2025
End netlisting May  2 01:14:22 2025

Netlisting Statistics:
	Number of components:   46

	Elapsed time:          0.0s
Errors: 0	Warnings: 0
*Warning*	Additional design variables have been found during netlisting.
 		A value is necessary for successful simulation.
		To simulate, assign values to all design variables with 
		the Variables->Edit... menu, and use "Netlist and Run".
      ...successful.
compose simulator input file...
      ...successful.

*Info*    Running simulation on testbench [
          damsicOurs_SOTA_SCAmplifier_Transient_TB_MinMax_1 ] for
          Point ID (0 1).

Delete psf data in /users/students/r0926826/simulation/damsicOurs/SOTA_SCAmplifier_Transient_TB_MinMax/maestro/results/maestro/Interactive.0/1/damsicOurs_SOTA_SCAmplifier_Transient_TB_MinMax_1/psf.
compose simulator input file...
      ...successful.
start simulator if needed...
      ...successful.
simulate...
To view the simulator output, right-click on the test name, result 
name, or any value in the "Results" tab of the Outputs section and 
choose "Output Log" menu option.
INFO (ADE-3067): Errors encountered during simulation. For more information, right-click
        on a test name in the 'Results' tab of the Outputs pane and choose 'Output Log'
        to view the simulation run log.

*Error*   Error ID  = 5011
*Error*   Error Msg = Simulator failed to complete the simulation.

          Error found by spectre in `idealCMFB':`I30', during
          hierarchy flattening.
Error found by spectre in
          `idealCMFB':`I30', during hierarchy flattening.
ERROR
          (SFE-1997): "input.scs" 280: Cannot run the simulation
          because I30: parameter `R': Cannot run the simulation
          because parameter 'r_cmfb' has been
 used but no value has
          been assigned to it. Assign a value to the parameter and
          rerun the simulation.
ERROR (SFE-1997): "input.scs" 280:
          Cannot run the simulation because I30: parameter `R':
          Cannot run the simulation because parameter 'r_cmfb' has
          been
 used but no value has been assigned to it. Assign a
          value to the parameter and rerun the simulation.





Simulation design variables differ from those on the cellView,
they have been saved in the file "/tmp/saved-design-variables".
To save future changes, copy variables to cellView before exiting.
