\# Program start time:     UTC 2025.05.01 14:43:52.220
\# Local time: CEST (UTC+02:00) 2025.05.01 16:43:52.220
\o Program:		@(#)$CDS: virtuoso version 6.1.8-64b 03/14/2023 19:53 (cpgsrv12) $
\o Hierarchy:		/esat/micas-data/software/Cadence/ic_6.1.8.310/tools.lnx86/dfII/
\o Sub version:		sub-version  IC6.1.8-64b.500.31  (64-bit addresses)
\# Command line:	/esat/micas-data/software/Cadence/ic_6.1.8.310/tools.lnx86/dfII/bin/64bit/virtuoso -noautostart -mpssession virtuoso2978 -mpshost pc-klas2-12.esat.kuleuven.be -davinciService DaVinciService_2978_1746098080 -log /users/students/r0926826/kuleuven/6/DAMSIC/DAMSIC2025_work/logs_r0926826/logs22/Job95.log -licenseLockFileName /users/students/r0926826/kuleuven/6/DAMSIC/DAMSIC2025_work/.tmp_r0926826/.pc-klas2-12.esat.kuleuven.be_2978 -interactiveA -interactiveE -interactiveRTT -nostdin -nographE -axlChildIdFlag 95
\# Host name (type):	pc-klas2-12.esat.kuleuven.be (x86_64)
\# Operating system:	Linux 5.14.0-503.38.1.el9_5.x86_64 #1 SMP PREEMPT_DYNAMIC Wed Apr 16 16:38:39 UTC 2025
\# Linux /etc/issue:	\S
\# Linux /etc/issue:	Kernel \r on an \m
\# X display name (WxH):	:5782 (1024x868)
\# Available geometry:			TL(0:0) BR(1023:867)
\# X server:			The X.Org Foundation
\# Depth of Visual (Root):	24 (24)
\# Number of Planes Used:	24
\# X version:		11.0 (vendor release 12011000)
\# X resource pool:	base 0x400000, mask 0x1fffff (2097151), shift 0
\# 			current id 0x0, current max 0x1ffffa (2097146)
\# Max data seg size:	     unlimited
\# Max process size:	     unlimited
\# Initial sbrk value:	        620 MB
\# Available memory:	     41,820 MB
\# System memory:	     48,245 MB
\# Maximum memory size:	     47,744 MB
\# Max mem available:	     41,939 MB
\# Initial memory used:	        118 MB
\#        process size:	      1,539 MB
\# Thread usage limits (effective/default):	maxthreads 5166/5166 maxload 12.00/12.00
\# Qt version:		5.9.1
\# Window Manager:	other
\# User Name:		r0926826
\o Working Directory:	pc-klas2-12.esat.kuleuven.be:/users/students/r0926826/kuleuven/6/DAMSIC/DAMSIC2025_work
\# Process Id:		240488
\o 
\o COPYRIGHT (C) 1992-2023  CADENCE DESIGN SYSTEMS INC.  ALL RIGHTS RESERVED.
\o           (C) 1992-2023  UNIX SYSTEMS Laboratories INC.,
\o                          Reproduced with permission.
\o 
\o This Cadence Design Systems program and online documentation are
\o proprietary/confidential information and may be disclosed/used only
\o as authorized in a license agreement controlling such use and disclosure.
\o 
\o           RESTRICTED RIGHTS NOTICE (SHORT FORM)
\o Use/reproduction/disclosure is subject to restriction
\o set forth at FAR 1252.227-19 or its equivalent.
