*Info*    Exporting services from client ... 

*Info*    Client has finished starting ... 



*Info*    Configuring the session ...

	Library      = damsicOurs
	Cell         = SOTA_SCAmplifier_Trans_TB
	View         = schematic
	Simulator    = spectre
	State Path   = $AXL_SETUPDB_DIR/test_states
	State Name   = Interactive.0
	Results DB   = /users/students/r0926826/kuleuven/6/DAMSIC/DAMSIC2025_work/damsicOurs/SOTA_SCAmplifier_Trans_TB/maestro/results/maestro/Interactive.0.rdb
	Results Dir  = /users/students/r0926826/simulation/damsicOurs/SOTA_SCAmplifier_Trans_TB/maestro/results/maestro/Interactive.0/1/damsicOurs_SOTA_SCAmplifier_Trans_TB_1
	Results Loc  = /users/students/r0926826/simulation/damsicOurs/SOTA_SCAmplifier_Trans_TB/maestro/results/maestro
	Project Dir  = /users/students/r0926826/simulation
	Setup DB loc = /users/students/r0926826/kuleuven/6/DAMSIC/DAMSIC2025_work/damsicOurs/SOTA_SCAmplifier_Trans_TB/maestro
	File Encoding = 0


INFO (EXPLORER-5024): Simulation will use spectre batch mode because the GCC version used by Spectre and Virtuoso are not compatible.

*Info*    The auto suspension is disabled.






*Info*    Run start for Point ID (10 1) on testbench [
          damsicOurs_SOTA_SCAmplifier_Trans_TB_1 ].

Resetting statistical vars

*Info*    Setting parameter values ...

Setting var A = "5"
Setting var B = "2"
Setting var Cfb = "0.5p"
Setting var Cin = "5p"
Setting var Cl = "2.5p"
Setting var INCM = "0.52"
Setting var OUTCMRef = "0.52"
Setting var Vin = "0.05"
Setting var alpha = "0.01"
Setting var fin = "2M"
Setting var fsw = "80M"
Setting var nL = "5"
Setting var nL1 = "5"
Setting var nL7 = "5"
Setting var nl2 = "5"
Setting var nl3 = "3"
Setting var nnF4 = "30"
Setting var nnF5 = "140"
Setting var nnW3 = "20"
Setting var nnW5 = "20"
Setting var npF1 = "222"
Setting var npF2 = "222"
Setting var npF6 = "170"
Setting var npF7 = "170"
Setting var npW1 = "20"
Setting var npW2 = "20"
Setting var npW6 = "20"
Setting var npW7 = "20"
Setting var r_cmfb = "100"
Setting temp(T) = 27
Setting var vb1 = "0.55"
Setting var vb5 = "0.95"
Setting var vb6 = "0.3"
Setting var vb7 = "0.35"
Setting var vdd = "1.1"

*Info*    Netlist Directory =
          /users/students/r0926826/simulation/damsicOurs/SOTA_SCAmplifier_Trans_TB/maestro/results/maestro/Interactive.0/1/damsicOurs_SOTA_SCAmplifier_Trans_TB_1/netlist


*Info*    Data Directory    =
          /users/students/r0926826/simulation/damsicOurs/SOTA_SCAmplifier_Trans_TB/maestro/results/maestro/Interactive.0/1/damsicOurs_SOTA_SCAmplifier_Trans_TB_1


*Info*    Creating Netlist for Point ID (10 1)

generate netlist...
Begin Incremental Netlisting Apr 24 13:48:06 2025
End netlisting Apr 24 13:48:06 2025

	The netlist is up to date.
	Time taken to compare the design with netlist:   0.0s
      ...successful.
compose simulator input file...
      ...successful.

*Info*    Running simulation on testbench [
          damsicOurs_SOTA_SCAmplifier_Trans_TB_1 ] for Point ID (10
          1).

Delete psf data in /users/students/r0926826/simulation/damsicOurs/SOTA_SCAmplifier_Trans_TB/maestro/results/maestro/Interactive.0/1/damsicOurs_SOTA_SCAmplifier_Trans_TB_1/psf.
compose simulator input file...
      ...successful.
start simulator if needed...
      ...successful.
simulate...
To view the simulator output, right-click on the test name, result 
name, or any value in the "Results" tab of the Outputs section and 
choose "Output Log" menu option.
INFO (ADE-3067): Errors encountered during simulation. For more information, right-click
        on a test name in the 'Results' tab of the Outputs pane and choose 'Output Log'
        to view the simulation run log.
reading simulation data...
      ...successful.

*Error*   Error ID  = 5011
*Error*   Error Msg = Simulator failed to complete the simulation.

          Error found by spectre at time = 3.52365 ns during
          transient analysis `tran'.
Error found by spectre at time =
          3.52365 ns during transient analysis `tran'.
ERROR
          (SPECTRE-16192): No convergence achieved with the minimum
          time step specified.  Last acceptable solution computed at
          787.293 ps.





*Info*    Client has finished evaluating ... 


*Info*    Run complete for Point ID (10 1) on testbench [
          damsicOurs_SOTA_SCAmplifier_Trans_TB_1 ].





Simulation design variables differ from those on the cellView,
they have been saved in the file "/tmp/saved-design-variables".
To save future changes, copy variables to cellView before exiting.
