*Info*    Exporting services from client ... 

*Info*    Client has finished starting ... 



*Info*    Configuring the session ...

	Library      = damsicOurs
	Cell         = GBOTA_SCAmplifier_Trans_TB
	View         = schematic
	Simulator    = spectre
	State Path   = $AXL_SETUPDB_DIR/test_states
	State Name   = Interactive.0
	Results DB   = /users/students/r0926826/kuleuven/6/DAMSIC/DAMSIC2025_work/damsicOurs/GBOTA_SCAmplifier_Trans_TB/maestro/results/maestro/Interactive.0.rdb
	Results Dir  = /users/students/r0926826/simulation/damsicOurs/GBOTA_SCAmplifier_Trans_TB/maestro/results/maestro/Interactive.0/1/damsicOurs_GBOTA_SCAmplifier_Trans_TB_1
	Results Loc  = /users/students/r0926826/simulation/damsicOurs/GBOTA_SCAmplifier_Trans_TB/maestro/results/maestro
	Project Dir  = /users/students/r0926826/simulation
	Setup DB loc = /users/students/r0926826/kuleuven/6/DAMSIC/DAMSIC2025_work/damsicOurs/GBOTA_SCAmplifier_Trans_TB/maestro
	File Encoding = 0


INFO (EXPLORER-5024): Simulation will use spectre batch mode because the GCC version used by Spectre and Virtuoso are not compatible.

*Info*    The auto suspension is disabled.






*Info*    Run start for Point ID (8 1) on testbench [
          damsicOurs_GBOTA_SCAmplifier_Trans_TB_1 ].

Resetting statistical vars

*Info*    Setting parameter values ...

Setting var A = "6"
Setting var B = "2"
Setting var Cfb = "0.5p"
Setting var Cin = "5p"
Setting var Cl = "2.5p"
Setting var INCM = "0.4"
Setting var OUTCMRef = "0.51"
Setting var Vin = "0.05"
Setting var alpha = "0.01"
Setting var fin = "2M"
Setting var fsw = "80M"
Setting var gm_GB = "10m"
Setting var nL = "5"
Setting var nL1 = "5"
Setting var nL7 = "5"
Setting var nl2 = "5"
Setting var nl3 = "3"
Setting var nnF4 = "30"
Setting var nnF5 = "140"
Setting var nnW3 = "20"
Setting var nnW5 = "20"
Setting var npF1 = "222"
Setting var npF2 = "222"
Setting var npF6 = "170"
Setting var npF7 = "170"
Setting var npW1 = "20"
Setting var npW2 = "20"
Setting var npW6 = "20"
Setting var npW7 = "20"
Setting var r_cmfb = "100"
Setting var ro_GB = "10k"
Setting temp(T) = 27
Setting var vb1 = "0.55"
Setting var vb5 = "0.85"
Setting var vb6 = "0.3"
Setting var vb7 = "0.35"
Setting var vdd = "1.1"

*Info*    Netlist Directory =
          /users/students/r0926826/simulation/damsicOurs/GBOTA_SCAmplifier_Trans_TB/maestro/results/maestro/Interactive.0/1/damsicOurs_GBOTA_SCAmplifier_Trans_TB_1/netlist


*Info*    Data Directory    =
          /users/students/r0926826/simulation/damsicOurs/GBOTA_SCAmplifier_Trans_TB/maestro/results/maestro/Interactive.0/1/damsicOurs_GBOTA_SCAmplifier_Trans_TB_1


*Info*    Creating Netlist for Point ID (8 1)

generate netlist...
Begin Incremental Netlisting Apr 25 15:54:56 2025
WARNING (OSSHNL-225): The design variable '_EXPR_9', used in the last netlisting session in the current
run directory is not used in this netlisting session. The netlist(s) generated
in the last netlisting session cannot be reused for incremental netlisting.
Therefore re-netlisting the design.

End netlisting Apr 25 15:54:56 2025

Netlisting Statistics:
	Number of components:   67

	Elapsed time:          1.0s (67.00/s)
Errors: 0	Warnings: 0
      ...successful.
compose simulator input file...
      ...successful.

*Info*    Running simulation on testbench [
          damsicOurs_GBOTA_SCAmplifier_Trans_TB_1 ] for Point ID (8
          1).

Delete psf data in /users/students/r0926826/simulation/damsicOurs/GBOTA_SCAmplifier_Trans_TB/maestro/results/maestro/Interactive.0/1/damsicOurs_GBOTA_SCAmplifier_Trans_TB_1/psf.
compose simulator input file...
      ...successful.
start simulator if needed...
      ...successful.
simulate...
To view the simulator output, right-click on the test name, result 
name, or any value in the "Results" tab of the Outputs section and 
choose "Output Log" menu option.
INFO (ADE-3071): Simulation completed successfully.
reading simulation data...
      ...successful.
*Info*    Client has finished evaluating ... 


*Info*    Run complete for Point ID (8 1) on testbench [
          damsicOurs_GBOTA_SCAmplifier_Trans_TB_1 ].





Simulation design variables differ from those on the cellView,
they have been saved in the file "/tmp/saved-design-variables".
To save future changes, copy variables to cellView before exiting.
