*Info*    Exporting services from client ... 

*Info*    Client has finished starting ... 



*Info*    Configuring the session ...

	Library      = DAMSIC
	Cell         = IGS_Testbench
	View         = schematic
	Simulator    = spectre
	State Path   = $AXL_SETUPDB_DIR/test_states
	State Name   = Interactive.0
	Results DB   = /users/students/r0926826/kuleuven/6/DAMSIC/DAMSIC2025_work/DAMSIC/IGS_Testbench/maestro/results/maestro/Interactive.0.rdb
	Results Dir  = /users/students/r0926826/simulation/DAMSIC/IGS_Testbench/maestro/results/maestro/Interactive.0/1/DAMSIC_2023_IGS_Testbench_1
	Results Loc  = /users/students/r0926826/simulation/DAMSIC/IGS_Testbench/maestro/results/maestro
	Project Dir  = /users/students/r0926826/simulation
	Setup DB loc = /users/students/r0926826/kuleuven/6/DAMSIC/DAMSIC2025_work/DAMSIC/IGS_Testbench/maestro
	File Encoding = 0


INFO (EXPLORER-5024): Simulation will use spectre batch mode because the GCC version used by Spectre and Virtuoso are not compatible.

*Info*    The auto suspension is disabled.






*Info*    Run start for Point ID (0 1) on testbench [
          DAMSIC_2023_IGS_Testbench_1 ].

Resetting statistical vars

*Info*    Setting parameter values ...

Setting var CL = "1p"
Setting var IDn = "628u"
Setting var IDp = "500u"
Setting var Ln = "10"
Setting var Lp = "45n"
Setting var NFn = "1"
Setting var NFp = "10"
Setting var VDD = "1"
Setting var WFn = "10"
Setting var WFp = "1u"
Setting temp(T) = 27

*Info*    Netlist Directory =
          /users/students/r0926826/simulation/DAMSIC/IGS_Testbench/maestro/results/maestro/Interactive.0/1/DAMSIC_2023_IGS_Testbench_1/netlist


*Info*    Data Directory    =
          /users/students/r0926826/simulation/DAMSIC/IGS_Testbench/maestro/results/maestro/Interactive.0/1/DAMSIC_2023_IGS_Testbench_1


*Info*    Creating Netlist for Point ID (0 1)

generate netlist...
Initializing the control file using cp:
    cp /esat/micas-data/software/Cadence/ic_6.1.8.310/tools.lnx86/dfII/etc/si/control.spectre /users/students/r0926826/simulation/DAMSIC/IGS_Testbench/maestro/results/maestro/Interactive.0/1/DAMSIC_2023_IGS_Testbench_1/netlist/control
Copying Spectre source file 'spectre.inp'
Copying Spectre command file 'spectre.sim'
Begin Incremental Netlisting Mar 21 14:14:32 2025
Loading json.cxt 
End netlisting Mar 21 14:14:32 2025

Netlisting Statistics:
	Number of components:   17

	Elapsed time:          0.0s
Errors: 0	Warnings: 0
      ...successful.
compose simulator input file...
      ...successful.

*Info*    Running simulation on testbench [
          DAMSIC_2023_IGS_Testbench_1 ] for Point ID (0 1).

Delete psf data in /users/students/r0926826/simulation/DAMSIC/IGS_Testbench/maestro/results/maestro/Interactive.0/1/DAMSIC_2023_IGS_Testbench_1/psf.
compose simulator input file...
      ...successful.
start simulator if needed...
      ...successful.
simulate...
To view the simulator output, right-click on the test name, result 
name, or any value in the "Results" tab of the Outputs section and 
choose "Output Log" menu option.
INFO (ADE-3071): Simulation completed successfully.
reading simulation data...
      ...successful.
*Info*    Client has finished evaluating ... 

ERROR (EXPLORER-2709): Evaluation of output 'UGFn' returned 'nil' for point:'1' test:'DAMSIC_2023_IGS_Testbench_1'
	Expression:'cross(dB20(mag(VF("/Voutn"))) 0)'.
Ensure that the definition of output is correct.

ERROR (EXPLORER-2709): Evaluation of output 'gm/ID,p' returned 'nil' for test:'DAMSIC_2023_IGS_Testbench_1'
	Expression:'OP("/PM0" "gmoverid")'.
Ensure that the definition of output is correct.


*Error*   Evaluating expression ((-1 * (2 / calcVal("gm/ID,p")))). 


ERROR (EXPLORER-2708): Evaluation of output 'VDSp' failed for point:'1' test:'DAMSIC_2023_IGS_Testbench_1'
	Expression:'"(-1 * (2 / calcVal(\"gm/ID,p\")))"'
	because of the following error(s)
	*Error* quotient: can't handle (2 / nil).
Ensure that the definition of output is correct.







Simulation design variables differ from those on the cellView,
they have been saved in the file "/tmp/saved-design-variables".
To save future changes, copy variables to cellView before exiting.
