*Info*    Exporting services from client ... 

*Info*    Client has finished starting ... 



*Info*    Configuring the session ...

	Library      = DAMSIC
	Cell         = SCAmplifier_Transient_TB
	View         = schematic
	Simulator    = spectre
	State Path   = $AXL_SETUPDB_DIR/test_states
	State Name   = Interactive.0
	Results DB   = /users/students/r0926826/kuleuven/6/DAMSIC/DAMSIC2025_work/DAMSIC/SCAmplifier_Transient_TB/maestro/results/maestro/Interactive.0.rdb
	Results Dir  = /users/students/r0926826/simulation/DAMSIC/SCAmplifier_Transient_TB/maestro/results/maestro/Interactive.0/1/DAMSIC_SwitchedCapacitorAmplifier_TransientTestBench_1
	Results Loc  = /users/students/r0926826/simulation/DAMSIC/SCAmplifier_Transient_TB/maestro/results/maestro
	Project Dir  = /users/students/r0926826/simulation
	Setup DB loc = /users/students/r0926826/kuleuven/6/DAMSIC/DAMSIC2025_work/DAMSIC/SCAmplifier_Transient_TB/maestro
	File Encoding = 0


INFO (EXPLORER-5024): Simulation will use spectre batch mode because the GCC version used by Spectre and Virtuoso are not compatible.

*Info*    The auto suspension is disabled.






*Info*    Run start for Point ID (6 1) on testbench [
          DAMSIC_SwitchedCapacitorAmplifier_TransientTestBench_1 ].

Resetting statistical vars

*Info*    Setting parameter values ...

Setting var C_OTA = "0.5p"
Setting var Cfb = "0.5p"
Setting var Cin = "5p"
Setting var Cl = "2.5p"
Setting var INCM = "0.35"
Setting var OUTCMRef = "0.5"
Setting var RSW_OFF = "100M"
Setting var RSW_ON = "1"
Setting var VSW_TH = "0.55"
Setting var Vin = "100m"
Setting var alpha = "0.01"
Setting var fsw = "80000"
Setting var fin = "40000"
Setting var gm_OTA = "22.3m"
Setting var ro_OTA = "0.55M"
Setting temp(T) = 27
Setting var vdd = "1.1"

*Info*    Netlist Directory =
          /users/students/r0926826/simulation/DAMSIC/SCAmplifier_Transient_TB/maestro/results/maestro/Interactive.0/1/DAMSIC_SwitchedCapacitorAmplifier_TransientTestBench_1/netlist


*Info*    Data Directory    =
          /users/students/r0926826/simulation/DAMSIC/SCAmplifier_Transient_TB/maestro/results/maestro/Interactive.0/1/DAMSIC_SwitchedCapacitorAmplifier_TransientTestBench_1


*Info*    Creating Netlist for Point ID (6 1)

generate netlist...
Begin Incremental Netlisting Apr 23 15:29:47 2025
End netlisting Apr 23 15:29:48 2025

	The netlist is up to date.
	Time taken to compare the design with netlist:   1.0s
      ...successful.
compose simulator input file...
      ...successful.

*Info*    Running simulation on testbench [
          DAMSIC_SwitchedCapacitorAmplifier_TransientTestBench_1 ]
          for Point ID (6 1).

Delete psf data in /users/students/r0926826/simulation/DAMSIC/SCAmplifier_Transient_TB/maestro/results/maestro/Interactive.0/1/DAMSIC_SwitchedCapacitorAmplifier_TransientTestBench_1/psf.
compose simulator input file...
      ...successful.
start simulator if needed...
      ...successful.
simulate...
To view the simulator output, right-click on the test name, result 
name, or any value in the "Results" tab of the Outputs section and 
choose "Output Log" menu option.
INFO (ADE-3067): Errors encountered during simulation. For more information, right-click
        on a test name in the 'Results' tab of the Outputs pane and choose 'Output Log'
        to view the simulation run log.
reading simulation data...
      ...successful.

*Error*   Error ID  = 5011
*Error*   Error Msg = Simulator failed to complete the simulation.

          Error found by spectre at time = 12.5 us during transient
          analysis `tran'.
Error found by spectre at time = 12.5 us
          during transient analysis `tran'.
ERROR (SPECTRE-16927):
          Cannot run the simulation because transient analysis has
          reached the maximum allowed number of timesteps with
          timestep size of 
'minstep', in a period of 5% of stop
          time. Use the 'max_minstep_nonconv' option to adjust the
          maximum allowed number of convergence failures with
          'min
step', and rerun the simulation.





*Info*    Client has finished evaluating ... 


*Info*    Run complete for Point ID (6 1) on testbench [
          DAMSIC_SwitchedCapacitorAmplifier_TransientTestBench_1 ].





Simulation design variables differ from those on the cellView,
they have been saved in the file "/tmp/saved-design-variables".
To save future changes, copy variables to cellView before exiting.
