*Info*    Exporting services from client ... 

*Info*    Client has finished starting ... 



*Info*    Configuring the session ...

	Library      = DAMSIC
	Cell         = gmoverid_LVT_plots
	View         = schematic
	Simulator    = spectre
	State Path   = $AXL_SETUPDB_DIR/test_states
	State Name   = Interactive.0
	Results DB   = /users/students/r0926826/kuleuven/6/DAMSIC/DAMSIC2025_work/DAMSIC/gmoverid_LVT_plots/maestro/results/maestro/Interactive.0.rdb
	Results Dir  = /users/students/r0926826/simulation/DAMSIC/gmoverid_LVT_plots/maestro/results/maestro/Interactive.0/1/DAMSIC_gmoverid_LVT_plots_1
	Results Loc  = /users/students/r0926826/simulation/DAMSIC/gmoverid_LVT_plots/maestro/results/maestro
	Project Dir  = /users/students/r0926826/simulation
	Setup DB loc = /users/students/r0926826/kuleuven/6/DAMSIC/DAMSIC2025_work/DAMSIC/gmoverid_LVT_plots/maestro
	File Encoding = 0


INFO (EXPLORER-5024): Simulation will use spectre batch mode because the GCC version used by Spectre and Virtuoso are not compatible.

*Info*    The auto suspension is disabled.






*Info*    Run start for Point ID (6 1) on testbench [
          DAMSIC_gmoverid_LVT_plots_1 ].

Resetting statistical vars

*Info*    Setting parameter values ...

Setting var Ln = "45n"
Setting var Lp = "45n"
Setting var NFn = "1"
Setting var NFp = "1"
Setting var VDSn = "0.22"
Setting var VDSp = "-200m"
Setting var VGSn = "0.42"
Setting var VGSp = "-400m"
Setting var VSBn = "0"
Setting var VSBp = "0"
Setting var WFn = "2.4e-6"
Setting var WFp = "2.4e-6"
Setting temp(T) = 27

*Info*    Netlist Directory =
          /users/students/r0926826/simulation/DAMSIC/gmoverid_LVT_plots/maestro/results/maestro/Interactive.0/1/DAMSIC_gmoverid_LVT_plots_1/netlist


*Info*    Data Directory    =
          /users/students/r0926826/simulation/DAMSIC/gmoverid_LVT_plots/maestro/results/maestro/Interactive.0/1/DAMSIC_gmoverid_LVT_plots_1


*Info*    Creating Netlist for Point ID (6 1)

generate netlist...
Begin Incremental Netlisting Apr 23 16:23:01 2025
End netlisting Apr 23 16:23:01 2025

	The netlist is up to date.
	Time taken to compare the design with netlist:   0.0s
      ...successful.
compose simulator input file...
      ...successful.

*Info*    Running simulation on testbench [
          DAMSIC_gmoverid_LVT_plots_1 ] for Point ID (6 1).

Delete psf data in /users/students/r0926826/simulation/DAMSIC/gmoverid_LVT_plots/maestro/results/maestro/Interactive.0/1/DAMSIC_gmoverid_LVT_plots_1/psf.
compose simulator input file...
      ...successful.
start simulator if needed...
      ...successful.
simulate...
To view the simulator output, right-click on the test name, result 
name, or any value in the "Results" tab of the Outputs section and 
choose "Output Log" menu option.
INFO (ADE-3071): Simulation completed successfully.
reading simulation data...
      ...successful.
*Info*    Client has finished evaluating ... 


*Info*    Run complete for Point ID (6 1) on testbench [
          DAMSIC_gmoverid_LVT_plots_1 ].





Simulation design variables differ from those on the cellView,
they have been saved in the file "/tmp/saved-design-variables".
To save future changes, copy variables to cellView before exiting.
